2017-12-31 11:36:59,214:INFO:Starting nmap scan
2017-12-31 11:37:04,717:INFO:Task ARP Ping Scan (started):DONE: 0%
2017-12-31 11:37:05,978:INFO:Task ARP Ping Scan (started):DONE: 2.17%
2017-12-31 11:37:06,996:INFO:Task ARP Ping Scan (started):DONE: 4.22%
2017-12-31 11:37:07,915:INFO:Task ARP Ping Scan (started):DONE: 6.30%
2017-12-31 11:37:08,929:INFO:Task ARP Ping Scan (started):DONE: 9.19%
2017-12-31 11:37:09,953:INFO:Task ARP Ping Scan (started):DONE: 10.66%
2017-12-31 11:37:10,969:INFO:Task ARP Ping Scan (started):DONE: 13.13%
2017-12-31 11:37:11,991:INFO:Task ARP Ping Scan (started):DONE: 15.47%
2017-12-31 11:37:12,913:INFO:Task ARP Ping Scan (started):DONE: 16.77%
2017-12-31 11:37:13,930:INFO:Task ARP Ping Scan (started):DONE: 17.50%
2017-12-31 11:37:14,946:INFO:Task ARP Ping Scan (started):DONE: 17.97%
2017-12-31 11:37:15,965:INFO:Task ARP Ping Scan (started):DONE: 18.27%
2017-12-31 11:37:16,984:INFO:Task ARP Ping Scan (started):DONE: 18.52%
2017-12-31 11:37:18,000:INFO:Task ARP Ping Scan (started):DONE: 18.76%
2017-12-31 11:37:18,918:INFO:Task ARP Ping Scan (started):DONE: 18.88%
2017-12-31 11:37:19,935:INFO:Task ARP Ping Scan (started):DONE: 19.01%
2017-12-31 11:37:20,963:INFO:Task ARP Ping Scan (started):DONE: 19.20%
2017-12-31 11:37:21,982:INFO:Task ARP Ping Scan (started):DONE: 24.02%
2017-12-31 11:37:22,997:INFO:Task ARP Ping Scan (started):DONE: 31.20%
2017-12-31 11:37:23,915:INFO:Task ARP Ping Scan (started):DONE: 35.63%
2017-12-31 11:37:24,925:INFO:Task ARP Ping Scan (started):DONE: 38.82%
2017-12-31 11:37:25,941:INFO:Task ARP Ping Scan (started):DONE: 41.47%
2017-12-31 11:37:26,960:INFO:Task ARP Ping Scan (started):DONE: 43.08%
2017-12-31 11:37:27,972:INFO:Task ARP Ping Scan (started):DONE: 43.93%
2017-12-31 11:37:28,985:INFO:Task ARP Ping Scan (started):DONE: 44.38%
2017-12-31 11:37:29,945:INFO:Task ARP Ping Scan (started):DONE: 47.34%
2017-12-31 11:37:30,959:INFO:Task ARP Ping Scan (started):DONE: 50.85%
2017-12-31 11:37:31,970:INFO:Task ARP Ping Scan (started):DONE: 53.39%
2017-12-31 11:37:32,981:INFO:Task ARP Ping Scan (started):DONE: 56.81%
2017-12-31 11:37:34,003:INFO:Task ARP Ping Scan (started):DONE: 59.02%
2017-12-31 11:37:34,915:INFO:Task ARP Ping Scan (started):DONE: 61.00%
2017-12-31 11:37:35,923:INFO:Task ARP Ping Scan (started):DONE: 63.44%
2017-12-31 11:37:36,959:INFO:Task ARP Ping Scan (started):DONE: 65.72%
2017-12-31 11:37:37,968:INFO:Task ARP Ping Scan (started):DONE: 66.94%
2017-12-31 11:37:38,923:INFO:Task ARP Ping Scan (started):DONE: 68.96%
2017-12-31 11:37:39,930:INFO:Task ARP Ping Scan (started):DONE: 69.75%
2017-12-31 11:37:40,937:INFO:Task ARP Ping Scan (started):DONE: 72.74%
2017-12-31 11:37:41,968:INFO:Task ARP Ping Scan (started):DONE: 76.14%
2017-12-31 11:37:42,914:INFO:Task ARP Ping Scan (started):DONE: 78.20%
2017-12-31 11:37:43,920:INFO:Task ARP Ping Scan (started):DONE: 80.64%
2017-12-31 11:37:44,925:INFO:Task ARP Ping Scan (started):DONE: 83.45%
2017-12-31 11:37:45,992:INFO:Task ARP Ping Scan (started):DONE: 85.05%
2017-12-31 11:37:46,989:INFO:Task ARP Ping Scan (started):DONE: 86.60%
2017-12-31 11:37:47,993:INFO:Task ARP Ping Scan (started):DONE: 88.84%
2017-12-31 11:37:48,914:INFO:Task ARP Ping Scan (started):DONE: 91.74%
2017-12-31 11:37:49,918:INFO:Task ARP Ping Scan (started):DONE: 93.20%
2017-12-31 11:37:50,921:INFO:Task ARP Ping Scan (started):DONE: 94.92%
2017-12-31 11:37:51,924:INFO:Task ARP Ping Scan (started):DONE: 96.48%
2017-12-31 11:37:52,913:INFO:Task ARP Ping Scan (started):DONE: 97.45%
2017-12-31 11:37:53,718:INFO:Task ARP Ping Scan (ended):DONE: 97.45%
2017-12-31 11:37:53,752:INFO:Task Parallel DNS resolution of 4096 hosts. (started):DONE: 0%
2017-12-31 11:37:54,252:INFO:Task Parallel DNS resolution of 4096 hosts. (started):DONE: 76.47%
2017-12-31 11:37:55,253:INFO:Task Parallel DNS resolution of 4096 hosts. (started):DONE: 76.47%
2017-12-31 11:37:56,253:INFO:Task Parallel DNS resolution of 4096 hosts. (started):DONE: 76.47%
2017-12-31 11:37:57,254:INFO:Task Parallel DNS resolution of 4096 hosts. (started):DONE: 76.47%
2017-12-31 11:37:58,255:INFO:Task Parallel DNS resolution of 4096 hosts. (started):DONE: 76.47%
2017-12-31 11:37:59,254:INFO:Task Parallel DNS resolution of 4096 hosts. (started):DONE: 76.47%
2017-12-31 11:37:59,288:INFO:Task Parallel DNS resolution of 4096 hosts. (ended):DONE: 76.47%
2017-12-31 11:38:01,553:INFO:Task SYN Stealth Scan (started):DONE: 0%
2017-12-31 11:38:03,345:INFO:Task SYN Stealth Scan (started):DONE: 1.39%
2017-12-31 11:38:04,386:INFO:Task SYN Stealth Scan (started):DONE: 1.64%
2017-12-31 11:38:05,398:INFO:Task SYN Stealth Scan (started):DONE: 1.80%
2017-12-31 11:38:06,422:INFO:Task SYN Stealth Scan (started):DONE: 1.94%
2017-12-31 11:38:07,342:INFO:Task SYN Stealth Scan (started):DONE: 2.17%
2017-12-31 11:38:08,358:INFO:Task SYN Stealth Scan (started):DONE: 2.27%
2017-12-31 11:38:09,352:INFO:Task SYN Stealth Scan (started):DONE: 2.40%
2017-12-31 11:38:10,384:INFO:Task SYN Stealth Scan (started):DONE: 2.53%
2017-12-31 11:38:11,418:INFO:Task SYN Stealth Scan (started):DONE: 2.65%
2017-12-31 11:38:12,342:INFO:Task SYN Stealth Scan (started):DONE: 2.80%
2017-12-31 11:38:13,362:INFO:Task SYN Stealth Scan (started):DONE: 2.94%
2017-12-31 11:38:14,378:INFO:Task SYN Stealth Scan (started):DONE: 3.01%
2017-12-31 11:38:15,399:INFO:Task SYN Stealth Scan (started):DONE: 3.08%
2017-12-31 11:38:16,415:INFO:Task SYN Stealth Scan (started):DONE: 3.22%
2017-12-31 11:38:17,342:INFO:Task SYN Stealth Scan (started):DONE: 3.30%
2017-12-31 11:38:18,354:INFO:Task SYN Stealth Scan (started):DONE: 3.38%
2017-12-31 11:38:19,370:INFO:Task SYN Stealth Scan (started):DONE: 3.47%
2017-12-31 11:38:20,398:INFO:Task SYN Stealth Scan (started):DONE: 3.56%
2017-12-31 11:38:21,407:INFO:Task SYN Stealth Scan (started):DONE: 3.67%
2017-12-31 11:38:22,438:INFO:Task SYN Stealth Scan (started):DONE: 3.72%
2017-12-31 11:38:23,358:INFO:Task SYN Stealth Scan (started):DONE: 3.79%
2017-12-31 11:38:24,370:INFO:Task SYN Stealth Scan (started):DONE: 3.93%
2017-12-31 11:38:25,390:INFO:Task SYN Stealth Scan (started):DONE: 4.06%
2017-12-31 11:38:26,414:INFO:Task SYN Stealth Scan (started):DONE: 4.09%
2017-12-31 11:38:27,426:INFO:Task SYN Stealth Scan (started):DONE: 4.20%
2017-12-31 11:38:28,354:INFO:Task SYN Stealth Scan (started):DONE: 4.29%
2017-12-31 11:38:29,377:INFO:Task SYN Stealth Scan (started):DONE: 4.35%
2017-12-31 11:38:30,394:INFO:Task SYN Stealth Scan (started):DONE: 4.41%
2017-12-31 11:38:31,366:INFO:Task SYN Stealth Scan (started):DONE: 4.54%
2017-12-31 11:38:32,361:INFO:Task SYN Stealth Scan (started):DONE: 4.63%
2017-12-31 11:38:33,396:INFO:Task SYN Stealth Scan (started):DONE: 4.64%
2017-12-31 11:38:34,378:INFO:Task SYN Stealth Scan (started):DONE: 4.73%
2017-12-31 11:38:35,410:INFO:Task SYN Stealth Scan (started):DONE: 4.77%
2017-12-31 11:38:36,430:INFO:Task SYN Stealth Scan (started):DONE: 4.83%
2017-12-31 11:38:37,346:INFO:Task SYN Stealth Scan (started):DONE: 4.89%
2017-12-31 11:38:38,348:INFO:Task SYN Stealth Scan (started):DONE: 4.93%
2017-12-31 11:38:39,386:INFO:Task SYN Stealth Scan (started):DONE: 5.06%
2017-12-31 11:38:40,411:INFO:Task SYN Stealth Scan (started):DONE: 5.17%
2017-12-31 11:38:41,427:INFO:Task SYN Stealth Scan (started):DONE: 5.27%
2017-12-31 11:38:42,350:INFO:Task SYN Stealth Scan (started):DONE: 5.36%
2017-12-31 11:38:43,370:INFO:Task SYN Stealth Scan (started):DONE: 5.46%
2017-12-31 11:38:44,386:INFO:Task SYN Stealth Scan (started):DONE: 5.61%
2017-12-31 11:38:45,394:INFO:Task SYN Stealth Scan (started):DONE: 5.74%
2017-12-31 11:38:46,407:INFO:Task SYN Stealth Scan (started):DONE: 5.88%
2017-12-31 11:38:47,346:INFO:Task SYN Stealth Scan (started):DONE: 5.95%
2017-12-31 11:38:48,366:INFO:Task SYN Stealth Scan (started):DONE: 6.00%
2017-12-31 11:38:49,391:INFO:Task SYN Stealth Scan (started):DONE: 6.10%
2017-12-31 11:38:50,359:INFO:Task SYN Stealth Scan (started):DONE: 6.18%
2017-12-31 11:38:51,537:INFO:Task SYN Stealth Scan (started):DONE: 6.29%
2017-12-31 11:38:52,371:INFO:Task SYN Stealth Scan (started):DONE: 6.29%
2017-12-31 11:38:53,362:INFO:Task SYN Stealth Scan (started):DONE: 6.36%
2017-12-31 11:38:54,386:INFO:Task SYN Stealth Scan (started):DONE: 6.48%
2017-12-31 11:38:55,402:INFO:Task SYN Stealth Scan (started):DONE: 6.57%
2017-12-31 11:38:56,426:INFO:Task SYN Stealth Scan (started):DONE: 6.66%
2017-12-31 11:38:57,349:INFO:Task SYN Stealth Scan (started):DONE: 6.78%
2017-12-31 11:38:58,363:INFO:Task SYN Stealth Scan (started):DONE: 6.82%
2017-12-31 11:38:59,355:INFO:Task SYN Stealth Scan (started):DONE: 6.95%
2017-12-31 11:39:00,380:INFO:Task SYN Stealth Scan (started):DONE: 6.97%
2017-12-31 11:39:01,425:INFO:Task SYN Stealth Scan (started):DONE: 7.04%
2017-12-31 11:39:02,346:INFO:Task SYN Stealth Scan (started):DONE: 7.13%
2017-12-31 11:39:03,348:INFO:Task SYN Stealth Scan (started):DONE: 7.19%
2017-12-31 11:39:04,430:INFO:Task SYN Stealth Scan (started):DONE: 7.35%
2017-12-31 11:39:05,406:INFO:Task SYN Stealth Scan (started):DONE: 7.41%
2017-12-31 11:39:06,366:INFO:Task SYN Stealth Scan (started):DONE: 7.50%
2017-12-31 11:39:07,350:INFO:Task SYN Stealth Scan (started):DONE: 7.58%
2017-12-31 11:39:08,370:INFO:Task SYN Stealth Scan (started):DONE: 7.74%
2017-12-31 11:39:09,390:INFO:Task SYN Stealth Scan (started):DONE: 7.85%
2017-12-31 11:39:10,412:INFO:Task SYN Stealth Scan (started):DONE: 7.93%
2017-12-31 11:39:11,342:INFO:Task SYN Stealth Scan (started):DONE: 8.04%
2017-12-31 11:39:12,358:INFO:Task SYN Stealth Scan (started):DONE: 8.18%
2017-12-31 11:39:13,382:INFO:Task SYN Stealth Scan (started):DONE: 8.28%
2017-12-31 11:39:14,379:INFO:Task SYN Stealth Scan (started):DONE: 8.33%
2017-12-31 11:39:15,420:INFO:Task SYN Stealth Scan (started):DONE: 8.36%
2017-12-31 11:39:16,341:INFO:Task SYN Stealth Scan (started):DONE: 8.45%
2017-12-31 11:39:17,358:INFO:Task SYN Stealth Scan (started):DONE: 8.57%
2017-12-31 11:39:18,414:INFO:Task SYN Stealth Scan (started):DONE: 8.65%
2017-12-31 11:39:19,394:INFO:Task SYN Stealth Scan (started):DONE: 8.76%
2017-12-31 11:39:20,416:INFO:Task SYN Stealth Scan (started):DONE: 8.94%
2017-12-31 11:39:21,342:INFO:Task SYN Stealth Scan (started):DONE: 9.07%
2017-12-31 11:39:22,366:INFO:Task SYN Stealth Scan (started):DONE: 9.17%
2017-12-31 11:39:23,378:INFO:Task SYN Stealth Scan (started):DONE: 9.32%
2017-12-31 11:39:24,346:INFO:Task SYN Stealth Scan (started):DONE: 9.42%
2017-12-31 11:39:25,380:INFO:Task SYN Stealth Scan (started):DONE: 9.52%
2017-12-31 11:39:26,364:INFO:Task SYN Stealth Scan (started):DONE: 9.63%
2017-12-31 11:39:27,358:INFO:Task SYN Stealth Scan (started):DONE: 9.70%
2017-12-31 11:39:28,529:INFO:Task SYN Stealth Scan (started):DONE: 9.75%
2017-12-31 11:39:29,391:INFO:Task SYN Stealth Scan (started):DONE: 9.84%
2017-12-31 11:39:30,418:INFO:Task SYN Stealth Scan (started):DONE: 9.92%
2017-12-31 11:39:31,342:INFO:Task SYN Stealth Scan (started):DONE: 10.02%
2017-12-31 11:39:32,362:INFO:Task SYN Stealth Scan (started):DONE: 10.06%
2017-12-31 11:39:33,360:INFO:Task SYN Stealth Scan (started):DONE: 10.22%
2017-12-31 11:39:34,369:INFO:Task SYN Stealth Scan (started):DONE: 10.32%
2017-12-31 11:39:35,343:INFO:Task SYN Stealth Scan (started):DONE: 10.38%
2017-12-31 11:39:36,345:INFO:Task SYN Stealth Scan (started):DONE: 10.43%
2017-12-31 11:39:37,358:INFO:Task SYN Stealth Scan (started):DONE: 10.60%
2017-12-31 11:39:38,375:INFO:Task SYN Stealth Scan (started):DONE: 10.77%
2017-12-31 11:39:39,385:INFO:Task SYN Stealth Scan (started):DONE: 10.93%
2017-12-31 11:39:40,391:INFO:Task SYN Stealth Scan (started):DONE: 11.05%
2017-12-31 11:39:41,350:INFO:Task SYN Stealth Scan (started):DONE: 11.07%
2017-12-31 11:39:42,355:INFO:Task SYN Stealth Scan (started):DONE: 11.23%
2017-12-31 11:39:43,390:INFO:Task SYN Stealth Scan (started):DONE: 11.38%
2017-12-31 11:39:44,367:INFO:Task SYN Stealth Scan (started):DONE: 11.53%
2017-12-31 11:39:45,344:INFO:Task SYN Stealth Scan (started):DONE: 11.66%
2017-12-31 11:39:46,353:INFO:Task SYN Stealth Scan (started):DONE: 11.76%
2017-12-31 11:39:47,341:INFO:Task SYN Stealth Scan (started):DONE: 11.92%
2017-12-31 11:39:48,369:INFO:Task SYN Stealth Scan (started):DONE: 12.10%
2017-12-31 11:39:49,387:INFO:Task SYN Stealth Scan (started):DONE: 12.23%
2017-12-31 11:39:50,341:INFO:Task SYN Stealth Scan (started):DONE: 12.47%
2017-12-31 11:39:51,362:INFO:Task SYN Stealth Scan (started):DONE: 12.29%
2017-12-31 11:39:52,374:INFO:Task SYN Stealth Scan (started):DONE: 12.46%
2017-12-31 11:39:53,381:INFO:Task SYN Stealth Scan (started):DONE: 12.65%
2017-12-31 11:39:54,386:INFO:Task SYN Stealth Scan (started):DONE: 12.82%
2017-12-31 11:39:55,341:INFO:Task SYN Stealth Scan (started):DONE: 13.00%
2017-12-31 11:39:56,362:INFO:Task SYN Stealth Scan (started):DONE: 13.19%
2017-12-31 11:39:57,382:INFO:Task SYN Stealth Scan (started):DONE: 13.40%
2017-12-31 11:39:58,407:INFO:Task SYN Stealth Scan (started):DONE: 13.62%
2017-12-31 11:39:59,369:INFO:Task SYN Stealth Scan (started):DONE: 13.82%
2017-12-31 11:40:00,348:INFO:Task SYN Stealth Scan (started):DONE: 13.97%
2017-12-31 11:40:01,377:INFO:Task SYN Stealth Scan (started):DONE: 14.06%
2017-12-31 11:40:02,398:INFO:Task SYN Stealth Scan (started):DONE: 14.23%
2017-12-31 11:40:03,359:INFO:Task SYN Stealth Scan (started):DONE: 14.40%
2017-12-31 11:40:04,346:INFO:Task SYN Stealth Scan (started):DONE: 14.61%
2017-12-31 11:40:05,346:INFO:Task SYN Stealth Scan (started):DONE: 14.81%
2017-12-31 11:40:06,350:INFO:Task SYN Stealth Scan (started):DONE: 14.98%
2017-12-31 11:40:07,376:INFO:Task SYN Stealth Scan (started):DONE: 14.86%
2017-12-31 11:40:08,342:INFO:Task SYN Stealth Scan (started):DONE: 15.02%
2017-12-31 11:40:09,348:INFO:Task SYN Stealth Scan (started):DONE: 15.25%
2017-12-31 11:40:10,379:INFO:Task SYN Stealth Scan (started):DONE: 15.43%
2017-12-31 11:40:11,406:INFO:Task SYN Stealth Scan (started):DONE: 15.64%
2017-12-31 11:40:12,434:INFO:Task SYN Stealth Scan (started):DONE: 15.75%
2017-12-31 11:40:13,354:INFO:Task SYN Stealth Scan (started):DONE: 15.94%
2017-12-31 11:40:14,340:INFO:Task SYN Stealth Scan (started):DONE: 16.16%
2017-12-31 11:40:15,395:INFO:Task SYN Stealth Scan (started):DONE: 16.22%
2017-12-31 11:40:16,394:INFO:Task SYN Stealth Scan (started):DONE: 16.29%
2017-12-31 11:40:17,342:INFO:Task SYN Stealth Scan (started):DONE: 16.35%
2017-12-31 11:40:18,407:INFO:Task SYN Stealth Scan (started):DONE: 16.43%
2017-12-31 11:40:19,389:INFO:Task SYN Stealth Scan (started):DONE: 16.51%
2017-12-31 11:40:20,411:INFO:Task SYN Stealth Scan (started):DONE: 16.63%
2017-12-31 11:40:21,342:INFO:Task SYN Stealth Scan (started):DONE: 16.70%
2017-12-31 11:40:22,369:INFO:Task SYN Stealth Scan (started):DONE: 16.78%
2017-12-31 11:40:23,343:INFO:Task SYN Stealth Scan (started):DONE: 16.88%
2017-12-31 11:40:24,393:INFO:Task SYN Stealth Scan (started):DONE: 16.99%
2017-12-31 11:40:25,345:INFO:Task SYN Stealth Scan (started):DONE: 17.05%
2017-12-31 11:40:26,354:INFO:Task SYN Stealth Scan (started):DONE: 17.14%
2017-12-31 11:40:27,526:INFO:Task SYN Stealth Scan (started):DONE: 17.15%
2017-12-31 11:40:28,397:INFO:Task SYN Stealth Scan (started):DONE: 17.24%
2017-12-31 11:40:29,422:INFO:Task SYN Stealth Scan (started):DONE: 17.37%
2017-12-31 11:40:30,350:INFO:Task SYN Stealth Scan (started):DONE: 17.49%
2017-12-31 11:40:31,345:INFO:Task SYN Stealth Scan (started):DONE: 17.61%
2017-12-31 11:40:32,394:INFO:Task SYN Stealth Scan (started):DONE: 17.71%
2017-12-31 11:40:33,418:INFO:Task SYN Stealth Scan (started):DONE: 17.86%
2017-12-31 11:40:34,362:INFO:Task SYN Stealth Scan (started):DONE: 17.93%
2017-12-31 11:40:35,354:INFO:Task SYN Stealth Scan (started):DONE: 18.09%
2017-12-31 11:40:36,374:INFO:Task SYN Stealth Scan (started):DONE: 18.16%
2017-12-31 11:40:37,350:INFO:Task SYN Stealth Scan (started):DONE: 18.29%
2017-12-31 11:40:38,374:INFO:Task SYN Stealth Scan (started):DONE: 18.45%
2017-12-31 11:40:39,361:INFO:Task SYN Stealth Scan (started):DONE: 18.54%
2017-12-31 11:40:40,354:INFO:Task SYN Stealth Scan (started):DONE: 18.69%
2017-12-31 11:40:41,370:INFO:Task SYN Stealth Scan (started):DONE: 18.85%
2017-12-31 11:40:42,343:INFO:Task SYN Stealth Scan (started):DONE: 19.01%
2017-12-31 11:40:43,351:INFO:Task SYN Stealth Scan (started):DONE: 19.15%
2017-12-31 11:40:44,425:INFO:Task SYN Stealth Scan (started):DONE: 19.36%
2017-12-31 11:40:45,343:INFO:Task SYN Stealth Scan (started):DONE: 19.55%
2017-12-31 11:40:46,341:INFO:Task SYN Stealth Scan (started):DONE: 19.77%
2017-12-31 11:40:47,343:INFO:Task SYN Stealth Scan (started):DONE: 19.91%
2017-12-31 11:40:48,390:INFO:Task SYN Stealth Scan (started):DONE: 20.13%
2017-12-31 11:40:49,344:INFO:Task SYN Stealth Scan (started):DONE: 20.29%
2017-12-31 11:40:50,354:INFO:Task SYN Stealth Scan (started):DONE: 20.44%
2017-12-31 11:40:51,349:INFO:Task SYN Stealth Scan (started):DONE: 20.62%
2017-12-31 11:40:52,356:INFO:Task SYN Stealth Scan (started):DONE: 20.75%
2017-12-31 11:40:53,380:INFO:Task SYN Stealth Scan (started):DONE: 20.87%
2017-12-31 11:40:54,342:INFO:Task SYN Stealth Scan (started):DONE: 21.03%
2017-12-31 11:40:55,362:INFO:Task SYN Stealth Scan (started):DONE: 21.15%
2017-12-31 11:40:56,378:INFO:Task SYN Stealth Scan (started):DONE: 21.36%
2017-12-31 11:40:57,406:INFO:Task SYN Stealth Scan (started):DONE: 21.48%
2017-12-31 11:40:58,347:INFO:Task SYN Stealth Scan (started):DONE: 21.50%
2017-12-31 11:40:59,349:INFO:Task SYN Stealth Scan (started):DONE: 21.61%
2017-12-31 11:41:00,352:INFO:Task SYN Stealth Scan (started):DONE: 21.70%
2017-12-31 11:41:01,350:INFO:Task SYN Stealth Scan (started):DONE: 21.77%
2017-12-31 11:41:02,353:INFO:Task SYN Stealth Scan (started):DONE: 21.88%
2017-12-31 11:41:03,378:INFO:Task SYN Stealth Scan (started):DONE: 21.99%
2017-12-31 11:41:04,344:INFO:Task SYN Stealth Scan (started):DONE: 22.07%
2017-12-31 11:41:05,348:INFO:Task SYN Stealth Scan (started):DONE: 21.85%
2017-12-31 11:41:06,345:INFO:Task SYN Stealth Scan (started):DONE: 21.88%
2017-12-31 11:41:07,369:INFO:Task SYN Stealth Scan (started):DONE: 21.91%
2017-12-31 11:41:08,438:INFO:Task SYN Stealth Scan (started):DONE: 21.99%
2017-12-31 11:41:09,346:INFO:Task SYN Stealth Scan (started):DONE: 22.06%
2017-12-31 11:41:10,350:INFO:Task SYN Stealth Scan (started):DONE: 22.19%
2017-12-31 11:41:11,355:INFO:Task SYN Stealth Scan (started):DONE: 22.25%
2017-12-31 11:41:12,372:INFO:Task SYN Stealth Scan (started):DONE: 22.35%
2017-12-31 11:41:13,357:INFO:Task SYN Stealth Scan (started):DONE: 22.39%
2017-12-31 11:41:14,346:INFO:Task SYN Stealth Scan (started):DONE: 22.48%
2017-12-31 11:41:15,398:INFO:Task SYN Stealth Scan (started):DONE: 22.53%
2017-12-31 11:41:16,422:INFO:Task SYN Stealth Scan (started):DONE: 22.64%
2017-12-31 11:41:17,342:INFO:Task SYN Stealth Scan (started):DONE: 22.77%
2017-12-31 11:41:18,358:INFO:Task SYN Stealth Scan (started):DONE: 22.87%
2017-12-31 11:41:19,378:INFO:Task SYN Stealth Scan (started):DONE: 22.97%
2017-12-31 11:41:20,402:INFO:Task SYN Stealth Scan (started):DONE: 23.07%
2017-12-31 11:41:21,379:INFO:Task SYN Stealth Scan (started):DONE: 23.26%
2017-12-31 11:41:22,349:INFO:Task SYN Stealth Scan (started):DONE: 23.38%
2017-12-31 11:41:23,358:INFO:Task SYN Stealth Scan (started):DONE: 23.49%
2017-12-31 11:41:24,390:INFO:Task SYN Stealth Scan (started):DONE: 23.65%
2017-12-31 11:41:25,343:INFO:Task SYN Stealth Scan (started):DONE: 23.84%
2017-12-31 11:41:26,341:INFO:Task SYN Stealth Scan (started):DONE: 24.00%
2017-12-31 11:41:27,347:INFO:Task SYN Stealth Scan (started):DONE: 24.13%
2017-12-31 11:41:28,359:INFO:Task SYN Stealth Scan (started):DONE: 24.30%
2017-12-31 11:41:29,383:INFO:Task SYN Stealth Scan (started):DONE: 24.43%
2017-12-31 11:41:30,355:INFO:Task SYN Stealth Scan (started):DONE: 24.59%
2017-12-31 11:41:31,341:INFO:Task SYN Stealth Scan (started):DONE: 24.74%
2017-12-31 11:41:32,354:INFO:Task SYN Stealth Scan (started):DONE: 24.89%
2017-12-31 11:41:33,378:INFO:Task SYN Stealth Scan (started):DONE: 25.06%
2017-12-31 11:41:34,396:INFO:Task SYN Stealth Scan (started):DONE: 25.23%
2017-12-31 11:41:35,411:INFO:Task SYN Stealth Scan (started):DONE: 25.45%
2017-12-31 11:41:36,342:INFO:Task SYN Stealth Scan (started):DONE: 25.25%
2017-12-31 11:41:37,358:INFO:Task SYN Stealth Scan (started):DONE: 25.45%
2017-12-31 11:41:38,361:INFO:Task SYN Stealth Scan (started):DONE: 25.58%
2017-12-31 11:41:39,378:INFO:Task SYN Stealth Scan (started):DONE: 25.69%
2017-12-31 11:41:40,347:INFO:Task SYN Stealth Scan (started):DONE: 25.82%
2017-12-31 11:41:41,350:INFO:Task SYN Stealth Scan (started):DONE: 25.87%
2017-12-31 11:41:42,362:INFO:Task SYN Stealth Scan (started):DONE: 26.05%
2017-12-31 11:41:43,387:INFO:Task SYN Stealth Scan (started):DONE: 26.16%
2017-12-31 11:41:44,351:INFO:Task SYN Stealth Scan (started):DONE: 26.25%
2017-12-31 11:41:45,372:INFO:Task SYN Stealth Scan (started):DONE: 26.37%
2017-12-31 11:41:46,342:INFO:Task SYN Stealth Scan (started):DONE: 26.49%
2017-12-31 11:41:47,362:INFO:Task SYN Stealth Scan (started):DONE: 26.58%
2017-12-31 11:41:48,386:INFO:Task SYN Stealth Scan (started):DONE: 26.69%
2017-12-31 11:41:49,357:INFO:Task SYN Stealth Scan (started):DONE: 26.78%
2017-12-31 11:41:50,362:INFO:Task SYN Stealth Scan (started):DONE: 26.85%
2017-12-31 11:41:51,364:INFO:Task SYN Stealth Scan (started):DONE: 26.89%
2017-12-31 11:41:52,397:INFO:Task SYN Stealth Scan (started):DONE: 26.97%
2017-12-31 11:41:53,398:INFO:Task SYN Stealth Scan (started):DONE: 27.04%
2017-12-31 11:41:54,341:INFO:Task SYN Stealth Scan (started):DONE: 27.13%
2017-12-31 11:41:55,354:INFO:Task SYN Stealth Scan (started):DONE: 27.26%
2017-12-31 11:41:56,358:INFO:Task SYN Stealth Scan (started):DONE: 27.33%
2017-12-31 11:41:57,364:INFO:Task SYN Stealth Scan (started):DONE: 27.58%
2017-12-31 11:41:58,341:INFO:Task SYN Stealth Scan (started):DONE: 27.79%
2017-12-31 11:41:59,515:INFO:Task SYN Stealth Scan (started):DONE: 27.82%
2017-12-31 11:42:00,340:INFO:Task SYN Stealth Scan (started):DONE: 27.88%
2017-12-31 11:42:01,351:INFO:Task SYN Stealth Scan (started):DONE: 27.91%
2017-12-31 11:42:02,390:INFO:Task SYN Stealth Scan (started):DONE: 28.01%
2017-12-31 11:42:03,370:INFO:Task SYN Stealth Scan (started):DONE: 28.24%
2017-12-31 11:42:04,434:INFO:Task SYN Stealth Scan (started):DONE: 28.36%
2017-12-31 11:42:05,353:INFO:Task SYN Stealth Scan (started):DONE: 28.39%
2017-12-31 11:42:06,374:INFO:Task SYN Stealth Scan (started):DONE: 28.55%
2017-12-31 11:42:07,379:INFO:Task SYN Stealth Scan (started):DONE: 28.67%
2017-12-31 11:42:08,382:INFO:Task SYN Stealth Scan (started):DONE: 28.78%
2017-12-31 11:42:09,367:INFO:Task SYN Stealth Scan (started):DONE: 28.99%
2017-12-31 11:42:10,346:INFO:Task SYN Stealth Scan (started):DONE: 28.59%
2017-12-31 11:42:11,347:INFO:Task SYN Stealth Scan (started):DONE: 28.85%
2017-12-31 11:42:12,383:INFO:Task SYN Stealth Scan (started):DONE: 28.95%
2017-12-31 11:42:13,418:INFO:Task SYN Stealth Scan (started):DONE: 29.14%
2017-12-31 11:42:14,384:INFO:Task SYN Stealth Scan (started):DONE: 29.22%
2017-12-31 11:42:15,360:INFO:Task SYN Stealth Scan (started):DONE: 29.25%
2017-12-31 11:42:16,381:INFO:Task SYN Stealth Scan (started):DONE: 29.47%
2017-12-31 11:42:17,378:INFO:Task SYN Stealth Scan (started):DONE: 29.62%
2017-12-31 11:42:18,344:INFO:Task SYN Stealth Scan (started):DONE: 29.83%
2017-12-31 11:42:19,342:INFO:Task SYN Stealth Scan (started):DONE: 29.91%
2017-12-31 11:42:20,478:INFO:Task SYN Stealth Scan (started):DONE: 29.96%
2017-12-31 11:42:21,394:INFO:Task SYN Stealth Scan (started):DONE: 29.98%
2017-12-31 11:42:22,410:INFO:Task SYN Stealth Scan (started):DONE: 30.05%
2017-12-31 11:42:23,355:INFO:Task SYN Stealth Scan (started):DONE: 30.08%
2017-12-31 11:42:24,371:INFO:Task SYN Stealth Scan (started):DONE: 30.11%
2017-12-31 11:42:25,362:INFO:Task SYN Stealth Scan (started):DONE: 30.18%
2017-12-31 11:42:26,347:INFO:Task SYN Stealth Scan (started):DONE: 30.22%
2017-12-31 11:42:27,368:INFO:Task SYN Stealth Scan (started):DONE: 30.26%
2017-12-31 11:42:28,496:INFO:Task SYN Stealth Scan (started):DONE: 30.33%
2017-12-31 11:42:29,386:INFO:Task SYN Stealth Scan (started):DONE: 30.40%
2017-12-31 11:42:30,354:INFO:Task SYN Stealth Scan (started):DONE: 30.44%
2017-12-31 11:42:31,413:INFO:Task SYN Stealth Scan (started):DONE: 30.48%
2017-12-31 11:42:32,438:INFO:Task SYN Stealth Scan (started):DONE: 30.52%
2017-12-31 11:42:33,342:INFO:Task SYN Stealth Scan (started):DONE: 30.58%
2017-12-31 11:42:34,366:INFO:Task SYN Stealth Scan (started):DONE: 30.66%
2017-12-31 11:42:35,352:INFO:Task SYN Stealth Scan (started):DONE: 30.72%
2017-12-31 11:42:36,352:INFO:Task SYN Stealth Scan (started):DONE: 30.76%
2017-12-31 11:42:37,342:INFO:Task SYN Stealth Scan (started):DONE: 30.86%
2017-12-31 11:42:38,358:INFO:Task SYN Stealth Scan (started):DONE: 31.05%
2017-12-31 11:42:39,374:INFO:Task SYN Stealth Scan (started):DONE: 31.23%
2017-12-31 11:42:40,394:INFO:Task SYN Stealth Scan (started):DONE: 31.42%
2017-12-31 11:42:41,363:INFO:Task SYN Stealth Scan (started):DONE: 31.58%
2017-12-31 11:42:42,427:INFO:Task SYN Stealth Scan (started):DONE: 31.83%
2017-12-31 11:42:43,350:INFO:Task SYN Stealth Scan (started):DONE: 32.08%
2017-12-31 11:42:44,372:INFO:Task SYN Stealth Scan (started):DONE: 32.25%
2017-12-31 11:42:45,387:INFO:Task SYN Stealth Scan (started):DONE: 32.58%
2017-12-31 11:42:46,414:INFO:Task SYN Stealth Scan (started):DONE: 32.75%
2017-12-31 11:42:47,413:INFO:Task SYN Stealth Scan (started):DONE: 32.82%
2017-12-31 11:42:48,351:INFO:Task SYN Stealth Scan (started):DONE: 32.89%
2017-12-31 11:42:49,354:INFO:Task SYN Stealth Scan (started):DONE: 32.99%
2017-12-31 11:42:50,394:INFO:Task SYN Stealth Scan (started):DONE: 33.10%
2017-12-31 11:42:51,377:INFO:Task SYN Stealth Scan (started):DONE: 33.23%
2017-12-31 11:42:52,345:INFO:Task SYN Stealth Scan (started):DONE: 33.38%
2017-12-31 11:42:53,345:INFO:Task SYN Stealth Scan (started):DONE: 33.49%
2017-12-31 11:42:54,378:INFO:Task SYN Stealth Scan (started):DONE: 33.61%
2017-12-31 11:42:55,386:INFO:Task SYN Stealth Scan (started):DONE: 33.77%
2017-12-31 11:42:56,359:INFO:Task SYN Stealth Scan (started):DONE: 33.88%
2017-12-31 11:42:57,344:INFO:Task SYN Stealth Scan (started):DONE: 34.05%
2017-12-31 11:42:58,354:INFO:Task SYN Stealth Scan (started):DONE: 34.16%
2017-12-31 11:42:59,372:INFO:Task SYN Stealth Scan (started):DONE: 34.22%
2017-12-31 11:43:00,350:INFO:Task SYN Stealth Scan (started):DONE: 34.37%
2017-12-31 11:43:01,375:INFO:Task SYN Stealth Scan (started):DONE: 34.49%
2017-12-31 11:43:02,346:INFO:Task SYN Stealth Scan (started):DONE: 34.66%
2017-12-31 11:43:03,353:INFO:Task SYN Stealth Scan (started):DONE: 34.85%
2017-12-31 11:43:04,378:INFO:Task SYN Stealth Scan (started):DONE: 35.00%
2017-12-31 11:43:05,363:INFO:Task SYN Stealth Scan (started):DONE: 35.11%
2017-12-31 11:43:06,429:INFO:Task SYN Stealth Scan (started):DONE: 35.19%
2017-12-31 11:43:07,346:INFO:Task SYN Stealth Scan (started):DONE: 35.29%
2017-12-31 11:43:08,374:INFO:Task SYN Stealth Scan (started):DONE: 35.48%
2017-12-31 11:43:09,356:INFO:Task SYN Stealth Scan (started):DONE: 35.58%
2017-12-31 11:43:10,414:INFO:Task SYN Stealth Scan (started):DONE: 35.64%
2017-12-31 11:43:11,396:INFO:Task SYN Stealth Scan (started):DONE: 35.74%
2017-12-31 11:43:12,340:INFO:Task SYN Stealth Scan (started):DONE: 35.83%
2017-12-31 11:43:13,370:INFO:Task SYN Stealth Scan (started):DONE: 36.04%
2017-12-31 11:43:14,376:INFO:Task SYN Stealth Scan (started):DONE: 36.12%
2017-12-31 11:43:15,407:INFO:Task SYN Stealth Scan (started):DONE: 36.19%
2017-12-31 11:43:16,341:INFO:Task SYN Stealth Scan (started):DONE: 36.33%
2017-12-31 11:43:17,379:INFO:Task SYN Stealth Scan (started):DONE: 36.39%
2017-12-31 11:43:18,634:INFO:Task SYN Stealth Scan (started):DONE: 36.40%
2017-12-31 11:43:19,379:INFO:Task SYN Stealth Scan (started):DONE: 36.04%
2017-12-31 11:43:20,377:INFO:Task SYN Stealth Scan (started):DONE: 36.11%
2017-12-31 11:43:21,342:INFO:Task SYN Stealth Scan (started):DONE: 36.15%
2017-12-31 11:43:22,439:INFO:Task SYN Stealth Scan (started):DONE: 36.19%
2017-12-31 11:43:23,381:INFO:Task SYN Stealth Scan (started):DONE: 36.19%
2017-12-31 11:43:24,402:INFO:Task SYN Stealth Scan (started):DONE: 36.20%
2017-12-31 11:43:25,384:INFO:Task SYN Stealth Scan (started):DONE: 36.21%
2017-12-31 11:43:26,342:INFO:Task SYN Stealth Scan (started):DONE: 36.24%
2017-12-31 11:43:27,343:INFO:Task SYN Stealth Scan (started):DONE: 36.32%
2017-12-31 11:43:28,345:INFO:Task SYN Stealth Scan (started):DONE: 36.45%
2017-12-31 11:43:29,354:INFO:Task SYN Stealth Scan (started):DONE: 36.59%
2017-12-31 11:43:30,359:INFO:Task SYN Stealth Scan (started):DONE: 36.66%
2017-12-31 11:43:31,351:INFO:Task SYN Stealth Scan (started):DONE: 36.71%
2017-12-31 11:43:32,355:INFO:Task SYN Stealth Scan (started):DONE: 36.77%
2017-12-31 11:43:33,382:INFO:Task SYN Stealth Scan (started):DONE: 36.83%
2017-12-31 11:43:34,391:INFO:Task SYN Stealth Scan (started):DONE: 36.87%
2017-12-31 11:43:35,382:INFO:Task SYN Stealth Scan (started):DONE: 36.91%
2017-12-31 11:43:36,350:INFO:Task SYN Stealth Scan (started):DONE: 37.01%
2017-12-31 11:43:37,362:INFO:Task SYN Stealth Scan (started):DONE: 37.11%
2017-12-31 11:43:38,398:INFO:Task SYN Stealth Scan (started):DONE: 37.22%
2017-12-31 11:43:39,341:INFO:Task SYN Stealth Scan (started):DONE: 37.34%
2017-12-31 11:43:40,343:INFO:Task SYN Stealth Scan (started):DONE: 37.43%
2017-12-31 11:43:41,358:INFO:Task SYN Stealth Scan (started):DONE: 37.48%
2017-12-31 11:43:42,375:INFO:Task SYN Stealth Scan (started):DONE: 37.67%
2017-12-31 11:43:43,382:INFO:Task SYN Stealth Scan (started):DONE: 37.84%
2017-12-31 11:43:44,350:INFO:Task SYN Stealth Scan (started):DONE: 38.02%
2017-12-31 11:43:45,343:INFO:Task SYN Stealth Scan (started):DONE: 37.81%
2017-12-31 11:43:46,354:INFO:Task SYN Stealth Scan (started):DONE: 37.99%
2017-12-31 11:43:47,378:INFO:Task SYN Stealth Scan (started):DONE: 38.13%
2017-12-31 11:43:48,359:INFO:Task SYN Stealth Scan (started):DONE: 38.28%
2017-12-31 11:43:49,348:INFO:Task SYN Stealth Scan (started):DONE: 38.44%
2017-12-31 11:43:50,340:INFO:Task SYN Stealth Scan (started):DONE: 38.60%
2017-12-31 11:43:51,358:INFO:Task SYN Stealth Scan (started):DONE: 38.73%
2017-12-31 11:43:52,374:INFO:Task SYN Stealth Scan (started):DONE: 38.87%
2017-12-31 11:43:53,393:INFO:Task SYN Stealth Scan (started):DONE: 39.02%
2017-12-31 11:43:54,422:INFO:Task SYN Stealth Scan (started):DONE: 39.15%
2017-12-31 11:43:55,342:INFO:Task SYN Stealth Scan (started):DONE: 39.29%
2017-12-31 11:43:56,344:INFO:Task SYN Stealth Scan (started):DONE: 39.51%
2017-12-31 11:43:57,368:INFO:Task SYN Stealth Scan (started):DONE: 39.63%
2017-12-31 11:43:58,352:INFO:Task SYN Stealth Scan (started):DONE: 39.74%
2017-12-31 11:43:59,344:INFO:Task SYN Stealth Scan (started):DONE: 39.85%
2017-12-31 11:44:00,341:INFO:Task SYN Stealth Scan (started):DONE: 39.98%
2017-12-31 11:44:01,362:INFO:Task SYN Stealth Scan (started):DONE: 40.15%
2017-12-31 11:44:02,367:INFO:Task SYN Stealth Scan (started):DONE: 40.20%
2017-12-31 11:44:03,349:INFO:Task SYN Stealth Scan (started):DONE: 40.48%
2017-12-31 11:44:04,376:INFO:Task SYN Stealth Scan (started):DONE: 40.61%
2017-12-31 11:44:05,342:INFO:Task SYN Stealth Scan (started):DONE: 40.73%
2017-12-31 11:44:06,346:INFO:Task SYN Stealth Scan (started):DONE: 40.87%
2017-12-31 11:44:07,391:INFO:Task SYN Stealth Scan (started):DONE: 41.14%
2017-12-31 11:44:08,414:INFO:Task SYN Stealth Scan (started):DONE: 41.38%
2017-12-31 11:44:09,427:INFO:Task SYN Stealth Scan (started):DONE: 41.67%
2017-12-31 11:44:10,350:INFO:Task SYN Stealth Scan (started):DONE: 41.88%
2017-12-31 11:44:11,367:INFO:Task SYN Stealth Scan (started):DONE: 42.21%
2017-12-31 11:44:12,383:INFO:Task SYN Stealth Scan (started):DONE: 42.45%
2017-12-31 11:44:13,407:INFO:Task SYN Stealth Scan (started):DONE: 42.74%
2017-12-31 11:44:14,434:INFO:Task SYN Stealth Scan (started):DONE: 42.94%
2017-12-31 11:44:15,348:INFO:Task SYN Stealth Scan (started):DONE: 43.03%
2017-12-31 11:44:16,350:INFO:Task SYN Stealth Scan (started):DONE: 43.21%
2017-12-31 11:44:17,402:INFO:Task SYN Stealth Scan (started):DONE: 43.40%
2017-12-31 11:44:18,366:INFO:Task SYN Stealth Scan (started):DONE: 43.55%
2017-12-31 11:44:19,342:INFO:Task SYN Stealth Scan (started):DONE: 43.75%
2017-12-31 11:44:20,358:INFO:Task SYN Stealth Scan (started):DONE: 43.95%
2017-12-31 11:44:21,361:INFO:Task SYN Stealth Scan (started):DONE: 44.13%
2017-12-31 11:44:22,348:INFO:Task SYN Stealth Scan (started):DONE: 43.78%
2017-12-31 11:44:23,343:INFO:Task SYN Stealth Scan (started):DONE: 44.05%
2017-12-31 11:44:24,342:INFO:Task SYN Stealth Scan (started):DONE: 44.17%
2017-12-31 11:44:25,350:INFO:Task SYN Stealth Scan (started):DONE: 44.35%
2017-12-31 11:44:26,382:INFO:Task SYN Stealth Scan (started):DONE: 44.19%
2017-12-31 11:44:27,372:INFO:Task SYN Stealth Scan (started):DONE: 44.37%
2017-12-31 11:44:28,408:INFO:Task SYN Stealth Scan (started):DONE: 44.41%
2017-12-31 11:44:29,360:INFO:Task SYN Stealth Scan (started):DONE: 44.46%
2017-12-31 11:44:30,347:INFO:Task SYN Stealth Scan (started):DONE: 44.51%
2017-12-31 11:44:31,371:INFO:Task SYN Stealth Scan (started):DONE: 44.59%
2017-12-31 11:44:32,342:INFO:Task SYN Stealth Scan (started):DONE: 44.63%
2017-12-31 11:44:33,418:INFO:Task SYN Stealth Scan (started):DONE: 44.67%
2017-12-31 11:44:34,342:INFO:Task SYN Stealth Scan (started):DONE: 44.73%
2017-12-31 11:44:35,366:INFO:Task SYN Stealth Scan (started):DONE: 44.77%
2017-12-31 11:44:36,388:INFO:Task SYN Stealth Scan (started):DONE: 44.81%
2017-12-31 11:44:37,344:INFO:Task SYN Stealth Scan (started):DONE: 44.89%
2017-12-31 11:44:38,352:INFO:Task SYN Stealth Scan (started):DONE: 44.94%
2017-12-31 11:44:39,349:INFO:Task SYN Stealth Scan (started):DONE: 45.03%
2017-12-31 11:44:40,357:INFO:Task SYN Stealth Scan (started):DONE: 45.12%
2017-12-31 11:44:41,375:INFO:Task SYN Stealth Scan (started):DONE: 45.26%
2017-12-31 11:44:42,361:INFO:Task SYN Stealth Scan (started):DONE: 45.39%
2017-12-31 11:44:43,388:INFO:Task SYN Stealth Scan (started):DONE: 45.50%
2017-12-31 11:44:44,342:INFO:Task SYN Stealth Scan (started):DONE: 45.67%
2017-12-31 11:44:45,351:INFO:Task SYN Stealth Scan (started):DONE: 45.71%
2017-12-31 11:44:46,380:INFO:Task SYN Stealth Scan (started):DONE: 45.81%
2017-12-31 11:44:47,341:INFO:Task SYN Stealth Scan (started):DONE: 45.92%
2017-12-31 11:44:48,345:INFO:Task SYN Stealth Scan (started):DONE: 45.96%
2017-12-31 11:44:49,346:INFO:Task SYN Stealth Scan (started):DONE: 46.01%
2017-12-31 11:44:50,362:INFO:Task SYN Stealth Scan (started):DONE: 46.17%
2017-12-31 11:44:51,352:INFO:Task SYN Stealth Scan (started):DONE: 46.25%
2017-12-31 11:44:52,342:INFO:Task SYN Stealth Scan (started):DONE: 46.34%
2017-12-31 11:44:53,408:INFO:Task SYN Stealth Scan (started):DONE: 46.58%
2017-12-31 11:44:54,342:INFO:Task SYN Stealth Scan (started):DONE: 46.74%
2017-12-31 11:44:55,362:INFO:Task SYN Stealth Scan (started):DONE: 46.96%
2017-12-31 11:44:56,365:INFO:Task SYN Stealth Scan (started):DONE: 47.11%
2017-12-31 11:44:57,402:INFO:Task SYN Stealth Scan (started):DONE: 47.27%
2017-12-31 11:44:58,356:INFO:Task SYN Stealth Scan (started):DONE: 47.39%
2017-12-31 11:44:59,346:INFO:Task SYN Stealth Scan (started):DONE: 47.60%
2017-12-31 11:45:00,369:INFO:Task SYN Stealth Scan (started):DONE: 47.76%
2017-12-31 11:45:01,350:INFO:Task SYN Stealth Scan (started):DONE: 47.93%
2017-12-31 11:45:02,406:INFO:Task SYN Stealth Scan (started):DONE: 48.14%
2017-12-31 11:45:03,427:INFO:Task SYN Stealth Scan (started):DONE: 48.35%
2017-12-31 11:45:04,350:INFO:Task SYN Stealth Scan (started):DONE: 48.52%
2017-12-31 11:45:05,374:INFO:Task SYN Stealth Scan (started):DONE: 48.69%
2017-12-31 11:45:06,383:INFO:Task SYN Stealth Scan (started):DONE: 48.87%
2017-12-31 11:45:07,414:INFO:Task SYN Stealth Scan (started):DONE: 48.98%
2017-12-31 11:45:08,438:INFO:Task SYN Stealth Scan (started):DONE: 49.15%
2017-12-31 11:45:09,358:INFO:Task SYN Stealth Scan (started):DONE: 49.21%
2017-12-31 11:45:10,364:INFO:Task SYN Stealth Scan (started):DONE: 49.32%
2017-12-31 11:45:11,340:INFO:Task SYN Stealth Scan (started):DONE: 49.46%
2017-12-31 11:45:12,426:INFO:Task SYN Stealth Scan (started):DONE: 49.56%
2017-12-31 11:45:13,350:INFO:Task SYN Stealth Scan (started):DONE: 49.65%
2017-12-31 11:45:14,468:INFO:Task SYN Stealth Scan (started):DONE: 49.71%
2017-12-31 11:45:15,390:INFO:Task SYN Stealth Scan (started):DONE: 49.71%
2017-12-31 11:45:16,399:INFO:Task SYN Stealth Scan (started):DONE: 49.79%
2017-12-31 11:45:17,355:INFO:Task SYN Stealth Scan (started):DONE: 49.94%
2017-12-31 11:45:18,342:INFO:Task SYN Stealth Scan (started):DONE: 50.08%
2017-12-31 11:45:19,362:INFO:Task SYN Stealth Scan (started):DONE: 50.25%
2017-12-31 11:45:20,375:INFO:Task SYN Stealth Scan (started):DONE: 50.42%
2017-12-31 11:45:21,402:INFO:Task SYN Stealth Scan (started):DONE: 50.64%
2017-12-31 11:45:22,430:INFO:Task SYN Stealth Scan (started):DONE: 50.68%
2017-12-31 11:45:23,342:INFO:Task SYN Stealth Scan (started):DONE: 50.84%
2017-12-31 11:45:24,406:INFO:Task SYN Stealth Scan (started):DONE: 50.90%
2017-12-31 11:45:25,386:INFO:Task SYN Stealth Scan (started):DONE: 51.01%
2017-12-31 11:45:26,374:INFO:Task SYN Stealth Scan (started):DONE: 51.20%
2017-12-31 11:45:27,431:INFO:Task SYN Stealth Scan (started):DONE: 51.32%
2017-12-31 11:45:28,354:INFO:Task SYN Stealth Scan (started):DONE: 51.45%
2017-12-31 11:45:29,363:INFO:Task SYN Stealth Scan (started):DONE: 51.57%
2017-12-31 11:45:30,367:INFO:Task SYN Stealth Scan (started):DONE: 51.74%
2017-12-31 11:45:31,344:INFO:Task SYN Stealth Scan (started):DONE: 51.83%
2017-12-31 11:45:32,342:INFO:Task SYN Stealth Scan (started):DONE: 52.00%
2017-12-31 11:45:33,342:INFO:Task SYN Stealth Scan (started):DONE: 52.06%
2017-12-31 11:45:34,382:INFO:Task SYN Stealth Scan (started):DONE: 52.22%
2017-12-31 11:45:35,368:INFO:Task SYN Stealth Scan (started):DONE: 52.28%
2017-12-31 11:45:36,385:INFO:Task SYN Stealth Scan (started):DONE: 52.31%
2017-12-31 11:45:37,389:INFO:Task SYN Stealth Scan (started):DONE: 52.46%
2017-12-31 11:45:38,344:INFO:Task SYN Stealth Scan (started):DONE: 52.49%
2017-12-31 11:45:39,387:INFO:Task SYN Stealth Scan (started):DONE: 52.61%
2017-12-31 11:45:40,349:INFO:Task SYN Stealth Scan (started):DONE: 52.79%
2017-12-31 11:45:41,368:INFO:Task SYN Stealth Scan (started):DONE: 52.87%
2017-12-31 11:45:42,350:INFO:Task SYN Stealth Scan (started):DONE: 52.98%
2017-12-31 11:45:43,427:INFO:Task SYN Stealth Scan (started):DONE: 53.05%
2017-12-31 11:45:44,342:INFO:Task SYN Stealth Scan (started):DONE: 53.18%
2017-12-31 11:45:45,359:INFO:Task SYN Stealth Scan (started):DONE: 53.27%
2017-12-31 11:45:46,345:INFO:Task SYN Stealth Scan (started):DONE: 53.49%
2017-12-31 11:45:47,350:INFO:Task SYN Stealth Scan (started):DONE: 53.57%
2017-12-31 11:45:48,374:INFO:Task SYN Stealth Scan (started):DONE: 53.70%
2017-12-31 11:45:49,358:INFO:Task SYN Stealth Scan (started):DONE: 53.85%
2017-12-31 11:45:50,358:INFO:Task SYN Stealth Scan (started):DONE: 54.03%
2017-12-31 11:45:51,372:INFO:Task SYN Stealth Scan (started):DONE: 54.13%
2017-12-31 11:45:52,354:INFO:Task SYN Stealth Scan (started):DONE: 54.28%
2017-12-31 11:45:53,434:INFO:Task SYN Stealth Scan (started):DONE: 54.30%
2017-12-31 11:45:54,398:INFO:Task SYN Stealth Scan (started):DONE: 54.41%
2017-12-31 11:45:55,449:INFO:Task SYN Stealth Scan (started):DONE: 54.48%
2017-12-31 11:45:56,510:INFO:Task SYN Stealth Scan (started):DONE: 54.54%
2017-12-31 11:45:57,432:INFO:Task SYN Stealth Scan (started):DONE: 54.55%
2017-12-31 11:45:58,348:INFO:Task SYN Stealth Scan (started):DONE: 54.61%
2017-12-31 11:45:59,395:INFO:Task SYN Stealth Scan (started):DONE: 54.72%
2017-12-31 11:46:00,354:INFO:Task SYN Stealth Scan (started):DONE: 54.76%
2017-12-31 11:46:01,380:INFO:Task SYN Stealth Scan (started):DONE: 54.84%
2017-12-31 11:46:02,342:INFO:Task SYN Stealth Scan (started):DONE: 54.93%
2017-12-31 11:46:03,384:INFO:Task SYN Stealth Scan (started):DONE: 54.98%
2017-12-31 11:46:04,398:INFO:Task SYN Stealth Scan (started):DONE: 55.08%
2017-12-31 11:46:05,345:INFO:Task SYN Stealth Scan (started):DONE: 55.14%
2017-12-31 11:46:06,371:INFO:Task SYN Stealth Scan (started):DONE: 55.18%
2017-12-31 11:46:07,399:INFO:Task SYN Stealth Scan (started):DONE: 55.25%
2017-12-31 11:46:08,352:INFO:Task SYN Stealth Scan (started):DONE: 55.36%
2017-12-31 11:46:09,346:INFO:Task SYN Stealth Scan (started):DONE: 55.41%
2017-12-31 11:46:10,352:INFO:Task SYN Stealth Scan (started):DONE: 55.46%
2017-12-31 11:46:11,357:INFO:Task SYN Stealth Scan (started):DONE: 55.56%
2017-12-31 11:46:12,354:INFO:Task SYN Stealth Scan (started):DONE: 55.69%
2017-12-31 11:46:13,374:INFO:Task SYN Stealth Scan (started):DONE: 55.73%
2017-12-31 11:46:14,385:INFO:Task SYN Stealth Scan (started):DONE: 55.78%
2017-12-31 11:46:15,341:INFO:Task SYN Stealth Scan (started):DONE: 55.87%
2017-12-31 11:46:16,360:INFO:Task SYN Stealth Scan (started):DONE: 55.96%
2017-12-31 11:46:17,350:INFO:Task SYN Stealth Scan (started):DONE: 56.06%
2017-12-31 11:46:18,366:INFO:Task SYN Stealth Scan (started):DONE: 56.15%
2017-12-31 11:46:19,397:INFO:Task SYN Stealth Scan (started):DONE: 56.27%
2017-12-31 11:46:20,380:INFO:Task SYN Stealth Scan (started):DONE: 56.39%
2017-12-31 11:46:21,369:INFO:Task SYN Stealth Scan (started):DONE: 56.47%
2017-12-31 11:46:22,354:INFO:Task SYN Stealth Scan (started):DONE: 56.56%
2017-12-31 11:46:23,370:INFO:Task SYN Stealth Scan (started):DONE: 56.67%
2017-12-31 11:46:24,344:INFO:Task SYN Stealth Scan (started):DONE: 56.82%
2017-12-31 11:46:25,370:INFO:Task SYN Stealth Scan (started):DONE: 56.94%
2017-12-31 11:46:26,356:INFO:Task SYN Stealth Scan (started):DONE: 57.11%
2017-12-31 11:46:27,353:INFO:Task SYN Stealth Scan (started):DONE: 57.24%
2017-12-31 11:46:28,362:INFO:Task SYN Stealth Scan (started):DONE: 57.41%
2017-12-31 11:46:29,348:INFO:Task SYN Stealth Scan (started):DONE: 57.47%
2017-12-31 11:46:30,357:INFO:Task SYN Stealth Scan (started):DONE: 57.64%
2017-12-31 11:46:31,387:INFO:Task SYN Stealth Scan (started):DONE: 57.79%
2017-12-31 11:46:32,346:INFO:Task SYN Stealth Scan (started):DONE: 57.95%
2017-12-31 11:46:33,363:INFO:Task SYN Stealth Scan (started):DONE: 58.07%
2017-12-31 11:46:34,386:INFO:Task SYN Stealth Scan (started):DONE: 58.26%
2017-12-31 11:46:35,400:INFO:Task SYN Stealth Scan (started):DONE: 58.44%
2017-12-31 11:46:36,351:INFO:Task SYN Stealth Scan (started):DONE: 58.65%
2017-12-31 11:46:37,346:INFO:Task SYN Stealth Scan (started):DONE: 58.81%
2017-12-31 11:46:38,355:INFO:Task SYN Stealth Scan (started):DONE: 59.02%
2017-12-31 11:46:39,386:INFO:Task SYN Stealth Scan (started):DONE: 59.16%
2017-12-31 11:46:40,355:INFO:Task SYN Stealth Scan (started):DONE: 59.34%
2017-12-31 11:46:41,356:INFO:Task SYN Stealth Scan (started):DONE: 59.55%
2017-12-31 11:46:42,346:INFO:Task SYN Stealth Scan (started):DONE: 58.95%
2017-12-31 11:46:43,356:INFO:Task SYN Stealth Scan (started):DONE: 59.10%
2017-12-31 11:46:44,384:INFO:Task SYN Stealth Scan (started):DONE: 59.19%
2017-12-31 11:46:45,406:INFO:Task SYN Stealth Scan (started):DONE: 59.19%
2017-12-31 11:46:46,422:INFO:Task SYN Stealth Scan (started):DONE: 59.26%
2017-12-31 11:46:47,349:INFO:Task SYN Stealth Scan (started):DONE: 59.30%
2017-12-31 11:46:48,360:INFO:Task SYN Stealth Scan (started):DONE: 59.33%
2017-12-31 11:46:49,375:INFO:Task SYN Stealth Scan (started):DONE: 59.40%
2017-12-31 11:46:50,392:INFO:Task SYN Stealth Scan (started):DONE: 59.42%
2017-12-31 11:46:51,407:INFO:Task SYN Stealth Scan (started):DONE: 59.47%
2017-12-31 11:46:52,453:INFO:Task SYN Stealth Scan (started):DONE: 59.57%
2017-12-31 11:46:53,400:INFO:Task SYN Stealth Scan (started):DONE: 59.61%
2017-12-31 11:46:54,342:INFO:Task SYN Stealth Scan (started):DONE: 59.66%
2017-12-31 11:46:55,419:INFO:Task SYN Stealth Scan (started):DONE: 59.73%
2017-12-31 11:46:56,346:INFO:Task SYN Stealth Scan (started):DONE: 59.78%
2017-12-31 11:46:57,348:INFO:Task SYN Stealth Scan (started):DONE: 59.83%
2017-12-31 11:46:58,343:INFO:Task SYN Stealth Scan (started):DONE: 59.86%
2017-12-31 11:46:59,354:INFO:Task SYN Stealth Scan (started):DONE: 60.00%
2017-12-31 11:47:00,371:INFO:Task SYN Stealth Scan (started):DONE: 60.12%
2017-12-31 11:47:01,357:INFO:Task SYN Stealth Scan (started):DONE: 60.21%
2017-12-31 11:47:02,344:INFO:Task SYN Stealth Scan (started):DONE: 60.35%
2017-12-31 11:47:03,342:INFO:Task SYN Stealth Scan (started):DONE: 60.44%
2017-12-31 11:47:04,409:INFO:Task SYN Stealth Scan (started):DONE: 60.48%
2017-12-31 11:47:05,343:INFO:Task SYN Stealth Scan (started):DONE: 60.66%
2017-12-31 11:47:06,345:INFO:Task SYN Stealth Scan (started):DONE: 60.80%
2017-12-31 11:47:07,353:INFO:Task SYN Stealth Scan (started):DONE: 60.37%
2017-12-31 11:47:08,378:INFO:Task SYN Stealth Scan (started):DONE: 60.52%
2017-12-31 11:47:09,349:INFO:Task SYN Stealth Scan (started):DONE: 60.74%
2017-12-31 11:47:10,350:INFO:Task SYN Stealth Scan (started):DONE: 60.96%
2017-12-31 11:47:11,374:INFO:Task SYN Stealth Scan (started):DONE: 61.19%
2017-12-31 11:47:12,394:INFO:Task SYN Stealth Scan (started):DONE: 61.31%
2017-12-31 11:47:13,377:INFO:Task SYN Stealth Scan (started):DONE: 61.50%
2017-12-31 11:47:14,342:INFO:Task SYN Stealth Scan (started):DONE: 61.58%
2017-12-31 11:47:15,367:INFO:Task SYN Stealth Scan (started):DONE: 61.64%
2017-12-31 11:47:16,390:INFO:Task SYN Stealth Scan (started):DONE: 61.81%
2017-12-31 11:47:17,372:INFO:Task SYN Stealth Scan (started):DONE: 61.94%
2017-12-31 11:47:18,380:INFO:Task SYN Stealth Scan (started):DONE: 62.07%
2017-12-31 11:47:19,343:INFO:Task SYN Stealth Scan (started):DONE: 62.09%
2017-12-31 11:47:20,380:INFO:Task SYN Stealth Scan (started):DONE: 62.17%
2017-12-31 11:47:21,410:INFO:Task SYN Stealth Scan (started):DONE: 62.26%
2017-12-31 11:47:22,425:INFO:Task SYN Stealth Scan (started):DONE: 62.34%
2017-12-31 11:47:23,344:INFO:Task SYN Stealth Scan (started):DONE: 62.39%
2017-12-31 11:47:24,370:INFO:Task SYN Stealth Scan (started):DONE: 62.45%
2017-12-31 11:47:25,390:INFO:Task SYN Stealth Scan (started):DONE: 62.60%
2017-12-31 11:47:26,344:INFO:Task SYN Stealth Scan (started):DONE: 62.64%
2017-12-31 11:47:27,368:INFO:Task SYN Stealth Scan (started):DONE: 62.78%
2017-12-31 11:47:28,350:INFO:Task SYN Stealth Scan (started):DONE: 62.88%
2017-12-31 11:47:29,362:INFO:Task SYN Stealth Scan (started):DONE: 63.01%
2017-12-31 11:47:30,349:INFO:Task SYN Stealth Scan (started):DONE: 63.03%
2017-12-31 11:47:31,367:INFO:Task SYN Stealth Scan (started):DONE: 63.10%
2017-12-31 11:47:32,344:INFO:Task SYN Stealth Scan (started):DONE: 63.24%
2017-12-31 11:47:33,373:INFO:Task SYN Stealth Scan (started):DONE: 63.32%
2017-12-31 11:47:34,411:INFO:Task SYN Stealth Scan (started):DONE: 63.34%
2017-12-31 11:47:35,345:INFO:Task SYN Stealth Scan (started):DONE: 63.40%
2017-12-31 11:47:36,459:INFO:Task SYN Stealth Scan (started):DONE: 63.44%
2017-12-31 11:47:37,350:INFO:Task SYN Stealth Scan (started):DONE: 63.50%
2017-12-31 11:47:38,370:INFO:Task SYN Stealth Scan (started):DONE: 63.61%
2017-12-31 11:47:39,386:INFO:Task SYN Stealth Scan (started):DONE: 63.80%
2017-12-31 11:47:40,346:INFO:Task SYN Stealth Scan (started):DONE: 64.00%
2017-12-31 11:47:41,360:INFO:Task SYN Stealth Scan (started):DONE: 64.13%
2017-12-31 11:47:42,346:INFO:Task SYN Stealth Scan (started):DONE: 64.30%
2017-12-31 11:47:43,351:INFO:Task SYN Stealth Scan (started):DONE: 64.46%
2017-12-31 11:47:44,374:INFO:Task SYN Stealth Scan (started):DONE: 64.59%
2017-12-31 11:47:45,357:INFO:Task SYN Stealth Scan (started):DONE: 64.80%
2017-12-31 11:47:46,360:INFO:Task SYN Stealth Scan (started):DONE: 65.03%
2017-12-31 11:47:47,342:INFO:Task SYN Stealth Scan (started):DONE: 65.27%
2017-12-31 11:47:48,366:INFO:Task SYN Stealth Scan (started):DONE: 65.42%
2017-12-31 11:47:49,382:INFO:Task SYN Stealth Scan (started):DONE: 65.64%
2017-12-31 11:47:50,395:INFO:Task SYN Stealth Scan (started):DONE: 65.89%
2017-12-31 11:47:51,368:INFO:Task SYN Stealth Scan (started):DONE: 66.02%
2017-12-31 11:47:52,342:INFO:Task SYN Stealth Scan (started):DONE: 66.22%
2017-12-31 11:47:53,360:INFO:Task SYN Stealth Scan (started):DONE: 66.35%
2017-12-31 11:47:54,382:INFO:Task SYN Stealth Scan (started):DONE: 66.50%
2017-12-31 11:47:55,366:INFO:Task SYN Stealth Scan (started):DONE: 66.60%
2017-12-31 11:47:56,341:INFO:Task SYN Stealth Scan (started):DONE: 66.78%
2017-12-31 11:47:57,341:INFO:Task SYN Stealth Scan (started):DONE: 66.98%
2017-12-31 11:47:58,358:INFO:Task SYN Stealth Scan (started):DONE: 67.17%
2017-12-31 11:47:59,375:INFO:Task SYN Stealth Scan (started):DONE: 67.32%
2017-12-31 11:48:00,398:INFO:Task SYN Stealth Scan (started):DONE: 67.47%
2017-12-31 11:48:01,345:INFO:Task SYN Stealth Scan (started):DONE: 67.68%
2017-12-31 11:48:02,342:INFO:Task SYN Stealth Scan (started):DONE: 67.85%
2017-12-31 11:48:03,349:INFO:Task SYN Stealth Scan (started):DONE: 68.05%
2017-12-31 11:48:04,374:INFO:Task SYN Stealth Scan (started):DONE: 68.24%
2017-12-31 11:48:05,349:INFO:Task SYN Stealth Scan (started):DONE: 68.41%
2017-12-31 11:48:06,365:INFO:Task SYN Stealth Scan (started):DONE: 68.53%
2017-12-31 11:48:07,342:INFO:Task SYN Stealth Scan (started):DONE: 68.70%
2017-12-31 11:48:08,355:INFO:Task SYN Stealth Scan (started):DONE: 68.85%
2017-12-31 11:48:09,382:INFO:Task SYN Stealth Scan (started):DONE: 69.04%
2017-12-31 11:48:10,393:INFO:Task SYN Stealth Scan (started):DONE: 69.23%
2017-12-31 11:48:11,368:INFO:Task SYN Stealth Scan (started):DONE: 69.40%
2017-12-31 11:48:12,345:INFO:Task SYN Stealth Scan (started):DONE: 68.65%
2017-12-31 11:48:13,366:INFO:Task SYN Stealth Scan (started):DONE: 68.87%
2017-12-31 11:48:14,414:INFO:Task SYN Stealth Scan (started):DONE: 68.92%
2017-12-31 11:48:15,364:INFO:Task SYN Stealth Scan (started):DONE: 68.96%
2017-12-31 11:48:16,374:INFO:Task SYN Stealth Scan (started):DONE: 69.02%
2017-12-31 11:48:17,342:INFO:Task SYN Stealth Scan (started):DONE: 69.10%
2017-12-31 11:48:18,362:INFO:Task SYN Stealth Scan (started):DONE: 69.15%
2017-12-31 11:48:19,445:INFO:Task SYN Stealth Scan (started):DONE: 69.19%
2017-12-31 11:48:20,352:INFO:Task SYN Stealth Scan (started):DONE: 69.20%
2017-12-31 11:48:21,467:INFO:Task SYN Stealth Scan (started):DONE: 69.22%
2017-12-31 11:48:22,381:INFO:Task SYN Stealth Scan (started):DONE: 69.24%
2017-12-31 11:48:23,341:INFO:Task SYN Stealth Scan (started):DONE: 69.25%
2017-12-31 11:48:24,355:INFO:Task SYN Stealth Scan (started):DONE: 69.28%
2017-12-31 11:48:25,357:INFO:Task SYN Stealth Scan (started):DONE: 69.37%
2017-12-31 11:48:26,347:INFO:Task SYN Stealth Scan (started):DONE: 69.42%
2017-12-31 11:48:27,362:INFO:Task SYN Stealth Scan (started):DONE: 69.46%
2017-12-31 11:48:28,340:INFO:Task SYN Stealth Scan (started):DONE: 69.52%
2017-12-31 11:48:29,402:INFO:Task SYN Stealth Scan (started):DONE: 69.59%
2017-12-31 11:48:30,387:INFO:Task SYN Stealth Scan (started):DONE: 69.64%
2017-12-31 11:48:31,341:INFO:Task SYN Stealth Scan (started):DONE: 69.70%
2017-12-31 11:48:32,358:INFO:Task SYN Stealth Scan (started):DONE: 69.77%
2017-12-31 11:48:33,463:INFO:Task SYN Stealth Scan (started):DONE: 69.81%
2017-12-31 11:48:34,402:INFO:Task SYN Stealth Scan (started):DONE: 69.83%
2017-12-31 11:48:35,399:INFO:Task SYN Stealth Scan (started):DONE: 69.88%
2017-12-31 11:48:36,397:INFO:Task SYN Stealth Scan (started):DONE: 69.94%
2017-12-31 11:48:37,358:INFO:Task SYN Stealth Scan (started):DONE: 69.99%
2017-12-31 11:48:38,359:INFO:Task SYN Stealth Scan (started):DONE: 70.06%
2017-12-31 11:48:39,354:INFO:Task SYN Stealth Scan (started):DONE: 70.13%
2017-12-31 11:48:40,351:INFO:Task SYN Stealth Scan (started):DONE: 70.18%
2017-12-31 11:48:41,361:INFO:Task SYN Stealth Scan (started):DONE: 70.23%
2017-12-31 11:48:42,358:INFO:Task SYN Stealth Scan (started):DONE: 70.25%
2017-12-31 11:48:43,354:INFO:Task SYN Stealth Scan (started):DONE: 70.35%
2017-12-31 11:48:44,354:INFO:Task SYN Stealth Scan (started):DONE: 70.42%
2017-12-31 11:48:45,348:INFO:Task SYN Stealth Scan (started):DONE: 70.47%
2017-12-31 11:48:46,361:INFO:Task SYN Stealth Scan (started):DONE: 70.55%
2017-12-31 11:48:47,350:INFO:Task SYN Stealth Scan (started):DONE: 70.63%
2017-12-31 11:48:48,361:INFO:Task SYN Stealth Scan (started):DONE: 70.73%
2017-12-31 11:48:49,356:INFO:Task SYN Stealth Scan (started):DONE: 70.86%
2017-12-31 11:48:50,379:INFO:Task SYN Stealth Scan (started):DONE: 70.92%
2017-12-31 11:48:51,366:INFO:Task SYN Stealth Scan (started):DONE: 71.04%
2017-12-31 11:48:52,350:INFO:Task SYN Stealth Scan (started):DONE: 71.09%
2017-12-31 11:48:53,370:INFO:Task SYN Stealth Scan (started):DONE: 71.21%
2017-12-31 11:48:54,390:INFO:Task SYN Stealth Scan (started):DONE: 71.27%
2017-12-31 11:48:55,362:INFO:Task SYN Stealth Scan (started):DONE: 71.40%
2017-12-31 11:48:56,350:INFO:Task SYN Stealth Scan (started):DONE: 71.55%
2017-12-31 11:48:57,354:INFO:Task SYN Stealth Scan (started):DONE: 71.74%
2017-12-31 11:48:58,370:INFO:Task SYN Stealth Scan (started):DONE: 71.93%
2017-12-31 11:48:59,390:INFO:Task SYN Stealth Scan (started):DONE: 72.15%
2017-12-31 11:49:00,356:INFO:Task SYN Stealth Scan (started):DONE: 72.18%
2017-12-31 11:49:01,418:INFO:Task SYN Stealth Scan (started):DONE: 72.21%
2017-12-31 11:49:02,350:INFO:Task SYN Stealth Scan (started):DONE: 72.23%
2017-12-31 11:49:03,341:INFO:Task SYN Stealth Scan (started):DONE: 72.27%
2017-12-31 11:49:04,379:INFO:Task SYN Stealth Scan (started):DONE: 72.37%
2017-12-31 11:49:05,396:INFO:Task SYN Stealth Scan (started):DONE: 72.51%
2017-12-31 11:49:06,391:INFO:Task SYN Stealth Scan (started):DONE: 72.64%
2017-12-31 11:49:07,346:INFO:Task SYN Stealth Scan (started):DONE: 72.67%
2017-12-31 11:49:08,365:INFO:Task SYN Stealth Scan (started):DONE: 72.72%
2017-12-31 11:49:09,364:INFO:Task SYN Stealth Scan (started):DONE: 72.83%
2017-12-31 11:49:10,340:INFO:Task SYN Stealth Scan (started):DONE: 72.94%
2017-12-31 11:49:11,418:INFO:Task SYN Stealth Scan (started):DONE: 72.99%
2017-12-31 11:49:12,350:INFO:Task SYN Stealth Scan (started):DONE: 73.15%
2017-12-31 11:49:13,364:INFO:Task SYN Stealth Scan (started):DONE: 73.22%
2017-12-31 11:49:14,354:INFO:Task SYN Stealth Scan (started):DONE: 73.27%
2017-12-31 11:49:15,414:INFO:Task SYN Stealth Scan (started):DONE: 73.34%
2017-12-31 11:49:16,355:INFO:Task SYN Stealth Scan (started):DONE: 73.48%
2017-12-31 11:49:17,342:INFO:Task SYN Stealth Scan (started):DONE: 73.61%
2017-12-31 11:49:18,370:INFO:Task SYN Stealth Scan (started):DONE: 73.68%
2017-12-31 11:49:19,390:INFO:Task SYN Stealth Scan (started):DONE: 73.74%
2017-12-31 11:49:20,341:INFO:Task SYN Stealth Scan (started):DONE: 73.84%
2017-12-31 11:49:21,355:INFO:Task SYN Stealth Scan (started):DONE: 73.93%
2017-12-31 11:49:22,354:INFO:Task SYN Stealth Scan (started):DONE: 73.99%
2017-12-31 11:49:23,347:INFO:Task SYN Stealth Scan (started):DONE: 74.05%
2017-12-31 11:49:24,369:INFO:Task SYN Stealth Scan (started):DONE: 74.14%
2017-12-31 11:49:25,381:INFO:Task SYN Stealth Scan (started):DONE: 74.30%
2017-12-31 11:49:26,350:INFO:Task SYN Stealth Scan (started):DONE: 74.42%
2017-12-31 11:49:27,405:INFO:Task SYN Stealth Scan (started):DONE: 74.12%
2017-12-31 11:49:28,378:INFO:Task SYN Stealth Scan (started):DONE: 74.14%
2017-12-31 11:49:29,343:INFO:Task SYN Stealth Scan (started):DONE: 74.29%
2017-12-31 11:49:30,413:INFO:Task SYN Stealth Scan (started):DONE: 74.34%
2017-12-31 11:49:31,342:INFO:Task SYN Stealth Scan (started):DONE: 74.36%
2017-12-31 11:49:32,408:INFO:Task SYN Stealth Scan (started):DONE: 74.38%
2017-12-31 11:49:33,381:INFO:Task SYN Stealth Scan (started):DONE: 74.42%
2017-12-31 11:49:34,354:INFO:Task SYN Stealth Scan (started):DONE: 74.44%
2017-12-31 11:49:35,397:INFO:Task SYN Stealth Scan (started):DONE: 74.47%
2017-12-31 11:49:36,438:INFO:Task SYN Stealth Scan (started):DONE: 74.49%
2017-12-31 11:49:37,357:INFO:Task SYN Stealth Scan (started):DONE: 74.56%
2017-12-31 11:49:38,357:INFO:Task SYN Stealth Scan (started):DONE: 74.66%
2017-12-31 11:49:39,387:INFO:Task SYN Stealth Scan (started):DONE: 74.69%
2017-12-31 11:49:40,354:INFO:Task SYN Stealth Scan (started):DONE: 74.69%
2017-12-31 11:49:41,399:INFO:Task SYN Stealth Scan (started):DONE: 74.70%
2017-12-31 11:49:42,371:INFO:Task SYN Stealth Scan (started):DONE: 74.73%
2017-12-31 11:49:43,402:INFO:Task SYN Stealth Scan (started):DONE: 74.74%
2017-12-31 11:49:44,569:INFO:Task SYN Stealth Scan (started):DONE: 74.75%
2017-12-31 11:49:45,361:INFO:Task SYN Stealth Scan (started):DONE: 74.76%
2017-12-31 11:49:46,358:INFO:Task SYN Stealth Scan (started):DONE: 74.77%
2017-12-31 11:49:47,340:INFO:Task SYN Stealth Scan (started):DONE: 74.89%
2017-12-31 11:49:48,485:INFO:Task SYN Stealth Scan (started):DONE: 74.97%
2017-12-31 11:49:49,412:INFO:Task SYN Stealth Scan (started):DONE: 75.02%
2017-12-31 11:49:50,360:INFO:Task SYN Stealth Scan (started):DONE: 75.03%
2017-12-31 11:49:51,360:INFO:Task SYN Stealth Scan (started):DONE: 75.04%
2017-12-31 11:49:52,379:INFO:Task SYN Stealth Scan (started):DONE: 75.07%
2017-12-31 11:49:53,364:INFO:Task SYN Stealth Scan (started):DONE: 75.16%
2017-12-31 11:49:54,399:INFO:Task SYN Stealth Scan (started):DONE: 75.19%
2017-12-31 11:49:55,354:INFO:Task SYN Stealth Scan (started):DONE: 75.26%
2017-12-31 11:49:56,403:INFO:Task SYN Stealth Scan (started):DONE: 75.34%
2017-12-31 11:49:57,349:INFO:Task SYN Stealth Scan (started):DONE: 75.45%
2017-12-31 11:49:58,371:INFO:Task SYN Stealth Scan (started):DONE: 75.50%
2017-12-31 11:49:59,353:INFO:Task SYN Stealth Scan (started):DONE: 75.59%
2017-12-31 11:50:00,373:INFO:Task SYN Stealth Scan (started):DONE: 75.65%
2017-12-31 11:50:01,358:INFO:Task SYN Stealth Scan (started):DONE: 75.68%
2017-12-31 11:50:02,346:INFO:Task SYN Stealth Scan (started):DONE: 75.82%
2017-12-31 11:50:03,356:INFO:Task SYN Stealth Scan (started):DONE: 75.90%
2017-12-31 11:50:04,354:INFO:Task SYN Stealth Scan (started):DONE: 75.95%
2017-12-31 11:50:05,363:INFO:Task SYN Stealth Scan (started):DONE: 76.06%
2017-12-31 11:50:06,370:INFO:Task SYN Stealth Scan (started):DONE: 76.17%
2017-12-31 11:50:07,342:INFO:Task SYN Stealth Scan (started):DONE: 76.32%
2017-12-31 11:50:08,346:INFO:Task SYN Stealth Scan (started):DONE: 76.42%
2017-12-31 11:50:09,342:INFO:Task SYN Stealth Scan (started):DONE: 76.55%
2017-12-31 11:50:10,351:INFO:Task SYN Stealth Scan (started):DONE: 76.72%
2017-12-31 11:50:11,366:INFO:Task SYN Stealth Scan (started):DONE: 76.89%
2017-12-31 11:50:12,350:INFO:Task SYN Stealth Scan (started):DONE: 77.05%
2017-12-31 11:50:13,357:INFO:Task SYN Stealth Scan (started):DONE: 77.25%
2017-12-31 11:50:14,418:INFO:Task SYN Stealth Scan (started):DONE: 77.35%
2017-12-31 11:50:15,342:INFO:Task SYN Stealth Scan (started):DONE: 77.39%
2017-12-31 11:50:16,345:INFO:Task SYN Stealth Scan (started):DONE: 77.54%
2017-12-31 11:50:17,426:INFO:Task SYN Stealth Scan (started):DONE: 77.63%
2017-12-31 11:50:18,342:INFO:Task SYN Stealth Scan (started):DONE: 77.71%
2017-12-31 11:50:19,370:INFO:Task SYN Stealth Scan (started):DONE: 77.85%
2017-12-31 11:50:20,359:INFO:Task SYN Stealth Scan (started):DONE: 77.98%
2017-12-31 11:50:21,348:INFO:Task SYN Stealth Scan (started):DONE: 78.12%
2017-12-31 11:50:22,354:INFO:Task SYN Stealth Scan (started):DONE: 78.25%
2017-12-31 11:50:23,354:INFO:Task SYN Stealth Scan (started):DONE: 78.40%
2017-12-31 11:50:24,346:INFO:Task SYN Stealth Scan (started):DONE: 78.54%
2017-12-31 11:50:25,355:INFO:Task SYN Stealth Scan (started):DONE: 78.68%
2017-12-31 11:50:26,365:INFO:Task SYN Stealth Scan (started):DONE: 78.82%
2017-12-31 11:50:27,350:INFO:Task SYN Stealth Scan (started):DONE: 78.97%
2017-12-31 11:50:28,342:INFO:Task SYN Stealth Scan (started):DONE: 79.15%
2017-12-31 11:50:29,356:INFO:Task SYN Stealth Scan (started):DONE: 79.33%
2017-12-31 11:50:30,358:INFO:Task SYN Stealth Scan (started):DONE: 79.48%
2017-12-31 11:50:31,354:INFO:Task SYN Stealth Scan (started):DONE: 79.63%
2017-12-31 11:50:32,358:INFO:Task SYN Stealth Scan (started):DONE: 79.79%
2017-12-31 11:50:33,344:INFO:Task SYN Stealth Scan (started):DONE: 79.96%
2017-12-31 11:50:34,348:INFO:Task SYN Stealth Scan (started):DONE: 80.14%
2017-12-31 11:50:35,342:INFO:Task SYN Stealth Scan (started):DONE: 80.31%
2017-12-31 11:50:36,347:INFO:Task SYN Stealth Scan (started):DONE: 80.47%
2017-12-31 11:50:37,377:INFO:Task SYN Stealth Scan (started):DONE: 80.62%
2017-12-31 11:50:38,342:INFO:Task SYN Stealth Scan (started):DONE: 80.75%
2017-12-31 11:50:39,348:INFO:Task SYN Stealth Scan (started):DONE: 80.92%
2017-12-31 11:50:40,362:INFO:Task SYN Stealth Scan (started):DONE: 81.10%
2017-12-31 11:50:41,353:INFO:Task SYN Stealth Scan (started):DONE: 81.27%
2017-12-31 11:50:42,362:INFO:Task SYN Stealth Scan (started):DONE: 81.43%
2017-12-31 11:50:43,347:INFO:Task SYN Stealth Scan (started):DONE: 81.61%
2017-12-31 11:50:44,343:INFO:Task SYN Stealth Scan (started):DONE: 81.77%
2017-12-31 11:50:45,354:INFO:Task SYN Stealth Scan (started):DONE: 81.93%
2017-12-31 11:50:46,348:INFO:Task SYN Stealth Scan (started):DONE: 82.11%
2017-12-31 11:50:47,346:INFO:Task SYN Stealth Scan (started):DONE: 82.26%
2017-12-31 11:50:48,345:INFO:Task SYN Stealth Scan (started):DONE: 82.41%
2017-12-31 11:50:49,372:INFO:Task SYN Stealth Scan (started):DONE: 82.59%
2017-12-31 11:50:50,362:INFO:Task SYN Stealth Scan (started):DONE: 82.75%
2017-12-31 11:50:51,346:INFO:Task SYN Stealth Scan (started):DONE: 82.91%
2017-12-31 11:50:52,358:INFO:Task SYN Stealth Scan (started):DONE: 83.08%
2017-12-31 11:50:53,352:INFO:Task SYN Stealth Scan (started):DONE: 83.25%
2017-12-31 11:50:54,354:INFO:Task SYN Stealth Scan (started):DONE: 83.42%
2017-12-31 11:50:55,345:INFO:Task SYN Stealth Scan (started):DONE: 83.58%
2017-12-31 11:50:56,352:INFO:Task SYN Stealth Scan (started):DONE: 83.73%
2017-12-31 11:50:57,341:INFO:Task SYN Stealth Scan (started):DONE: 83.89%
2017-12-31 11:50:58,361:INFO:Task SYN Stealth Scan (started):DONE: 84.06%
2017-12-31 11:50:59,344:INFO:Task SYN Stealth Scan (started):DONE: 84.23%
2017-12-31 11:51:00,345:INFO:Task SYN Stealth Scan (started):DONE: 84.38%
2017-12-31 11:51:01,355:INFO:Task SYN Stealth Scan (started):DONE: 84.56%
2017-12-31 11:51:02,348:INFO:Task SYN Stealth Scan (started):DONE: 84.72%
2017-12-31 11:51:03,347:INFO:Task SYN Stealth Scan (started):DONE: 84.89%
2017-12-31 11:51:04,343:INFO:Task SYN Stealth Scan (started):DONE: 85.05%
2017-12-31 11:51:05,341:INFO:Task SYN Stealth Scan (started):DONE: 85.22%
2017-12-31 11:51:06,357:INFO:Task SYN Stealth Scan (started):DONE: 85.38%
2017-12-31 11:51:07,344:INFO:Task SYN Stealth Scan (started):DONE: 85.52%
2017-12-31 11:51:08,348:INFO:Task SYN Stealth Scan (started):DONE: 85.69%
2017-12-31 11:51:09,347:INFO:Task SYN Stealth Scan (started):DONE: 85.86%
2017-12-31 11:51:10,340:INFO:Task SYN Stealth Scan (started):DONE: 86.02%
2017-12-31 11:51:11,359:INFO:Task SYN Stealth Scan (started):DONE: 86.17%
2017-12-31 11:51:12,380:INFO:Task SYN Stealth Scan (started):DONE: 86.30%
2017-12-31 11:51:13,401:INFO:Task SYN Stealth Scan (started):DONE: 86.43%
2017-12-31 11:51:14,410:INFO:Task SYN Stealth Scan (started):DONE: 86.53%
2017-12-31 11:51:15,351:INFO:Task SYN Stealth Scan (started):DONE: 86.57%
2017-12-31 11:51:16,351:INFO:Task SYN Stealth Scan (started):DONE: 86.72%
2017-12-31 11:51:17,352:INFO:Task SYN Stealth Scan (started):DONE: 86.84%
2017-12-31 11:51:18,351:INFO:Task SYN Stealth Scan (started):DONE: 86.96%
2017-12-31 11:51:19,415:INFO:Task SYN Stealth Scan (started):DONE: 87.09%
2017-12-31 11:51:20,381:INFO:Task SYN Stealth Scan (started):DONE: 87.20%
2017-12-31 11:51:21,342:INFO:Task SYN Stealth Scan (started):DONE: 87.33%
2017-12-31 11:51:22,377:INFO:Task SYN Stealth Scan (started):DONE: 87.42%
2017-12-31 11:51:23,340:INFO:Task SYN Stealth Scan (started):DONE: 87.55%
2017-12-31 11:51:24,378:INFO:Task SYN Stealth Scan (started):DONE: 87.71%
2017-12-31 11:51:25,344:INFO:Task SYN Stealth Scan (started):DONE: 87.83%
2017-12-31 11:51:26,352:INFO:Task SYN Stealth Scan (started):DONE: 87.98%
2017-12-31 11:51:27,349:INFO:Task SYN Stealth Scan (started):DONE: 88.14%
2017-12-31 11:51:28,391:INFO:Task SYN Stealth Scan (started):DONE: 88.28%
2017-12-31 11:51:29,353:INFO:Task SYN Stealth Scan (started):DONE: 88.43%
2017-12-31 11:51:30,361:INFO:Task SYN Stealth Scan (started):DONE: 88.58%
2017-12-31 11:51:31,359:INFO:Task SYN Stealth Scan (started):DONE: 88.72%
2017-12-31 11:51:32,382:INFO:Task SYN Stealth Scan (started):DONE: 88.87%
2017-12-31 11:51:33,343:INFO:Task SYN Stealth Scan (started):DONE: 89.03%
2017-12-31 11:51:34,358:INFO:Task SYN Stealth Scan (started):DONE: 89.17%
2017-12-31 11:51:35,370:INFO:Task SYN Stealth Scan (started):DONE: 89.30%
2017-12-31 11:51:36,344:INFO:Task SYN Stealth Scan (started):DONE: 89.46%
2017-12-31 11:51:37,371:INFO:Task SYN Stealth Scan (started):DONE: 89.60%
2017-12-31 11:51:38,365:INFO:Task SYN Stealth Scan (started):DONE: 89.74%
2017-12-31 11:51:39,364:INFO:Task SYN Stealth Scan (started):DONE: 89.89%
2017-12-31 11:51:40,341:INFO:Task SYN Stealth Scan (started):DONE: 90.04%
2017-12-31 11:51:41,347:INFO:Task SYN Stealth Scan (started):DONE: 90.20%
2017-12-31 11:51:42,346:INFO:Task SYN Stealth Scan (started):DONE: 90.34%
2017-12-31 11:51:43,364:INFO:Task SYN Stealth Scan (started):DONE: 90.49%
2017-12-31 11:51:44,350:INFO:Task SYN Stealth Scan (started):DONE: 90.61%
2017-12-31 11:51:45,362:INFO:Task SYN Stealth Scan (started):DONE: 90.76%
2017-12-31 11:51:46,369:INFO:Task SYN Stealth Scan (started):DONE: 90.91%
2017-12-31 11:51:47,365:INFO:Task SYN Stealth Scan (started):DONE: 91.05%
2017-12-31 11:51:48,391:INFO:Task SYN Stealth Scan (started):DONE: 91.20%
2017-12-31 11:51:49,352:INFO:Task SYN Stealth Scan (started):DONE: 91.36%
2017-12-31 11:51:50,368:INFO:Task SYN Stealth Scan (started):DONE: 91.51%
2017-12-31 11:51:51,380:INFO:Task SYN Stealth Scan (started):DONE: 91.65%
2017-12-31 11:51:52,342:INFO:Task SYN Stealth Scan (started):DONE: 91.79%
2017-12-31 11:51:53,384:INFO:Task SYN Stealth Scan (started):DONE: 91.92%
2017-12-31 11:51:54,347:INFO:Task SYN Stealth Scan (started):DONE: 92.01%
2017-12-31 11:51:55,354:INFO:Task SYN Stealth Scan (started):DONE: 92.12%
2017-12-31 11:51:56,396:INFO:Task SYN Stealth Scan (started):DONE: 92.23%
2017-12-31 11:51:57,358:INFO:Task SYN Stealth Scan (started):DONE: 92.34%
2017-12-31 11:51:58,371:INFO:Task SYN Stealth Scan (started):DONE: 92.46%
2017-12-31 11:51:59,366:INFO:Task SYN Stealth Scan (started):DONE: 92.56%
2017-12-31 11:52:00,358:INFO:Task SYN Stealth Scan (started):DONE: 92.68%
2017-12-31 11:52:01,370:INFO:Task SYN Stealth Scan (started):DONE: 92.78%
2017-12-31 11:52:02,378:INFO:Task SYN Stealth Scan (started):DONE: 92.89%
2017-12-31 11:52:03,341:INFO:Task SYN Stealth Scan (started):DONE: 92.98%
2017-12-31 11:52:04,383:INFO:Task SYN Stealth Scan (started):DONE: 93.07%
2017-12-31 11:52:05,345:INFO:Task SYN Stealth Scan (started):DONE: 93.15%
2017-12-31 11:52:06,376:INFO:Task SYN Stealth Scan (started):DONE: 93.24%
2017-12-31 11:52:07,371:INFO:Task SYN Stealth Scan (started):DONE: 93.34%
2017-12-31 11:52:08,362:INFO:Task SYN Stealth Scan (started):DONE: 93.43%
2017-12-31 11:52:09,375:INFO:Task SYN Stealth Scan (started):DONE: 93.51%
2017-12-31 11:52:10,416:INFO:Task SYN Stealth Scan (started):DONE: 93.60%
2017-12-31 11:52:11,382:INFO:Task SYN Stealth Scan (started):DONE: 93.69%
2017-12-31 11:52:12,342:INFO:Task SYN Stealth Scan (started):DONE: 93.75%
2017-12-31 11:52:13,391:INFO:Task SYN Stealth Scan (started):DONE: 93.79%
2017-12-31 11:52:14,352:INFO:Task SYN Stealth Scan (started):DONE: 93.82%
2017-12-31 11:52:15,394:INFO:Task SYN Stealth Scan (started):DONE: 93.83%
2017-12-31 11:52:16,366:INFO:Task SYN Stealth Scan (started):DONE: 93.84%
2017-12-31 11:52:17,383:INFO:Task SYN Stealth Scan (started):DONE: 93.85%
2017-12-31 11:52:18,409:INFO:Task SYN Stealth Scan (started):DONE: 93.87%
2017-12-31 11:52:19,389:INFO:Task SYN Stealth Scan (started):DONE: 93.88%
2017-12-31 11:52:20,378:INFO:Task SYN Stealth Scan (started):DONE: 93.90%
2017-12-31 11:52:21,387:INFO:Task SYN Stealth Scan (started):DONE: 93.92%
2017-12-31 11:52:22,348:INFO:Task SYN Stealth Scan (started):DONE: 93.95%
2017-12-31 11:52:23,363:INFO:Task SYN Stealth Scan (started):DONE: 93.98%
2017-12-31 11:52:24,407:INFO:Task SYN Stealth Scan (started):DONE: 94.02%
2017-12-31 11:52:25,350:INFO:Task SYN Stealth Scan (started):DONE: 94.05%
2017-12-31 11:52:26,411:INFO:Task SYN Stealth Scan (started):DONE: 94.09%
2017-12-31 11:52:27,371:INFO:Task SYN Stealth Scan (started):DONE: 94.10%
2017-12-31 11:52:28,407:INFO:Task SYN Stealth Scan (started):DONE: 94.11%
2017-12-31 11:52:29,365:INFO:Task SYN Stealth Scan (started):DONE: 94.12%
2017-12-31 11:52:30,353:INFO:Task SYN Stealth Scan (started):DONE: 94.14%
2017-12-31 11:52:31,370:INFO:Task SYN Stealth Scan (started):DONE: 94.15%
2017-12-31 11:52:32,392:INFO:Task SYN Stealth Scan (started):DONE: 94.17%
2017-12-31 11:52:33,374:INFO:Task SYN Stealth Scan (started):DONE: 94.19%
2017-12-31 11:52:34,418:INFO:Task SYN Stealth Scan (started):DONE: 94.21%
2017-12-31 11:52:35,380:INFO:Task SYN Stealth Scan (started):DONE: 94.23%
2017-12-31 11:52:36,342:INFO:Task SYN Stealth Scan (started):DONE: 94.24%
2017-12-31 11:52:37,385:INFO:Task SYN Stealth Scan (started):DONE: 94.26%
2017-12-31 11:52:38,347:INFO:Task SYN Stealth Scan (started):DONE: 94.27%
2017-12-31 11:52:39,390:INFO:Task SYN Stealth Scan (started):DONE: 94.29%
2017-12-31 11:52:40,354:INFO:Task SYN Stealth Scan (started):DONE: 94.30%
2017-12-31 11:52:41,354:INFO:Task SYN Stealth Scan (started):DONE: 94.32%
2017-12-31 11:52:42,358:INFO:Task SYN Stealth Scan (started):DONE: 94.33%
2017-12-31 11:52:43,400:INFO:Task SYN Stealth Scan (started):DONE: 94.35%
2017-12-31 11:52:44,390:INFO:Task SYN Stealth Scan (started):DONE: 94.36%
2017-12-31 11:52:45,352:INFO:Task SYN Stealth Scan (started):DONE: 94.38%
2017-12-31 11:52:46,394:INFO:Task SYN Stealth Scan (started):DONE: 94.39%
2017-12-31 11:52:47,357:INFO:Task SYN Stealth Scan (started):DONE: 94.41%
2017-12-31 11:52:48,395:INFO:Task SYN Stealth Scan (started):DONE: 94.42%
2017-12-31 11:52:49,382:INFO:Task SYN Stealth Scan (started):DONE: 94.44%
2017-12-31 11:52:50,344:INFO:Task SYN Stealth Scan (started):DONE: 94.45%
2017-12-31 11:52:51,386:INFO:Task SYN Stealth Scan (started):DONE: 94.47%
2017-12-31 11:52:52,348:INFO:Task SYN Stealth Scan (started):DONE: 94.48%
2017-12-31 11:52:53,398:INFO:Task SYN Stealth Scan (started):DONE: 94.50%
2017-12-31 11:52:54,360:INFO:Task SYN Stealth Scan (started):DONE: 94.51%
2017-12-31 11:52:55,402:INFO:Task SYN Stealth Scan (started):DONE: 94.53%
2017-12-31 11:52:56,364:INFO:Task SYN Stealth Scan (started):DONE: 94.55%
2017-12-31 11:52:57,357:INFO:Task SYN Stealth Scan (started):DONE: 94.56%
2017-12-31 11:52:58,368:INFO:Task SYN Stealth Scan (started):DONE: 94.58%
2017-12-31 11:52:59,411:INFO:Task SYN Stealth Scan (started):DONE: 94.60%
2017-12-31 11:53:00,372:INFO:Task SYN Stealth Scan (started):DONE: 94.61%
2017-12-31 11:53:01,415:INFO:Task SYN Stealth Scan (started):DONE: 94.63%
2017-12-31 11:53:02,394:INFO:Task SYN Stealth Scan (started):DONE: 94.64%
2017-12-31 11:53:03,356:INFO:Task SYN Stealth Scan (started):DONE: 94.66%
2017-12-31 11:53:04,399:INFO:Task SYN Stealth Scan (started):DONE: 94.67%
2017-12-31 11:53:05,360:INFO:Task SYN Stealth Scan (started):DONE: 94.69%
2017-12-31 11:53:06,343:INFO:Task SYN Stealth Scan (started):DONE: 94.70%
2017-12-31 11:53:07,385:INFO:Task SYN Stealth Scan (started):DONE: 94.72%
2017-12-31 11:53:08,347:INFO:Task SYN Stealth Scan (started):DONE: 94.73%
2017-12-31 11:53:09,391:INFO:Task SYN Stealth Scan (started):DONE: 94.75%
2017-12-31 11:53:10,373:INFO:Task SYN Stealth Scan (started):DONE: 94.76%
2017-12-31 11:53:11,416:INFO:Task SYN Stealth Scan (started):DONE: 94.78%
2017-12-31 11:53:12,378:INFO:Task SYN Stealth Scan (started):DONE: 94.79%
2017-12-31 11:53:13,342:INFO:Task SYN Stealth Scan (started):DONE: 94.81%
2017-12-31 11:53:14,343:INFO:Task SYN Stealth Scan (started):DONE: 94.82%
2017-12-31 11:53:15,405:INFO:Task SYN Stealth Scan (started):DONE: 94.84%
2017-12-31 11:53:16,357:INFO:Task SYN Stealth Scan (started):DONE: 94.85%
2017-12-31 11:53:17,460:INFO:Task SYN Stealth Scan (started):DONE: 94.86%
2017-12-31 11:53:18,444:INFO:Task SYN Stealth Scan (started):DONE: 94.86%
2017-12-31 11:53:19,417:INFO:Task SYN Stealth Scan (started):DONE: 94.87%
2017-12-31 11:53:20,366:INFO:Task SYN Stealth Scan (started):DONE: 94.88%
2017-12-31 11:53:21,358:INFO:Task SYN Stealth Scan (started):DONE: 94.90%
2017-12-31 11:53:22,343:INFO:Task SYN Stealth Scan (started):DONE: 94.91%
2017-12-31 11:53:23,363:INFO:Task SYN Stealth Scan (started):DONE: 94.93%
2017-12-31 11:53:24,410:INFO:Task SYN Stealth Scan (started):DONE: 94.94%
2017-12-31 11:53:25,343:INFO:Task SYN Stealth Scan (started):DONE: 94.96%
2017-12-31 11:53:26,385:INFO:Task SYN Stealth Scan (started):DONE: 94.97%
2017-12-31 11:53:27,348:INFO:Task SYN Stealth Scan (started):DONE: 94.99%
2017-12-31 11:53:28,390:INFO:Task SYN Stealth Scan (started):DONE: 95.00%
2017-12-31 11:53:29,352:INFO:Task SYN Stealth Scan (started):DONE: 95.02%
2017-12-31 11:53:30,395:INFO:Task SYN Stealth Scan (started):DONE: 95.03%
2017-12-31 11:53:31,356:INFO:Task SYN Stealth Scan (started):DONE: 95.05%
2017-12-31 11:53:32,399:INFO:Task SYN Stealth Scan (started):DONE: 95.06%
2017-12-31 11:53:33,361:INFO:Task SYN Stealth Scan (started):DONE: 95.08%
2017-12-31 11:53:34,403:INFO:Task SYN Stealth Scan (started):DONE: 95.09%
2017-12-31 11:53:35,367:INFO:Task SYN Stealth Scan (started):DONE: 95.11%
2017-12-31 11:53:36,409:INFO:Task SYN Stealth Scan (started):DONE: 95.12%
2017-12-31 11:53:37,371:INFO:Task SYN Stealth Scan (started):DONE: 95.14%
2017-12-31 11:53:38,349:INFO:Task SYN Stealth Scan (started):DONE: 95.15%
2017-12-31 11:53:39,400:INFO:Task SYN Stealth Scan (started):DONE: 95.17%
2017-12-31 11:53:40,362:INFO:Task SYN Stealth Scan (started):DONE: 95.18%
2017-12-31 11:53:41,405:INFO:Task SYN Stealth Scan (started):DONE: 95.20%
2017-12-31 11:53:42,367:INFO:Task SYN Stealth Scan (started):DONE: 95.22%
2017-12-31 11:53:43,411:INFO:Task SYN Stealth Scan (started):DONE: 95.23%
2017-12-31 11:53:44,374:INFO:Task SYN Stealth Scan (started):DONE: 95.25%
2017-12-31 11:53:45,391:INFO:Task SYN Stealth Scan (started):DONE: 95.26%
2017-12-31 11:53:46,398:INFO:Task SYN Stealth Scan (started):DONE: 95.28%
2017-12-31 11:53:47,360:INFO:Task SYN Stealth Scan (started):DONE: 95.29%
2017-12-31 11:53:48,402:INFO:Task SYN Stealth Scan (started):DONE: 95.31%
2017-12-31 11:53:49,364:INFO:Task SYN Stealth Scan (started):DONE: 95.32%
2017-12-31 11:53:50,347:INFO:Task SYN Stealth Scan (started):DONE: 95.34%
2017-12-31 11:53:51,390:INFO:Task SYN Stealth Scan (started):DONE: 95.35%
2017-12-31 11:53:52,351:INFO:Task SYN Stealth Scan (started):DONE: 95.36%
2017-12-31 11:53:53,394:INFO:Task SYN Stealth Scan (started):DONE: 95.38%
2017-12-31 11:53:54,353:INFO:Task SYN Stealth Scan (started):DONE: 95.40%
2017-12-31 11:53:55,415:INFO:Task SYN Stealth Scan (started):DONE: 95.42%
2017-12-31 11:53:56,376:INFO:Task SYN Stealth Scan (started):DONE: 95.43%
2017-12-31 11:53:57,419:INFO:Task SYN Stealth Scan (started):DONE: 95.45%
2017-12-31 11:53:58,381:INFO:Task SYN Stealth Scan (started):DONE: 95.46%
2017-12-31 11:53:59,363:INFO:Task SYN Stealth Scan (started):DONE: 95.47%
2017-12-31 11:54:00,406:INFO:Task SYN Stealth Scan (started):DONE: 95.49%
2017-12-31 11:54:01,368:INFO:Task SYN Stealth Scan (started):DONE: 95.50%
2017-12-31 11:54:02,410:INFO:Task SYN Stealth Scan (started):DONE: 95.52%
2017-12-31 11:54:03,392:INFO:Task SYN Stealth Scan (started):DONE: 95.54%
